{
    "meta": {
        "format": 3,
        "version": "7.13.1",
        "timestamp": "2026-01-02T00:04:35.085925",
        "branch_coverage": false,
        "show_contexts": false
    },
    "files": {
        "lazy_bird/__init__.py": {
            "executed_lines": [
                9,
                10,
                11,
                13,
                16,
                19,
                20,
                21,
                22,
                24
            ],
            "summary": {
                "covered_lines": 10,
                "num_statements": 10,
                "percent_covered": 100.0,
                "percent_covered_display": "100.00",
                "missing_lines": 0,
                "excluded_lines": 0,
                "percent_statements_covered": 100.0,
                "percent_statements_covered_display": "100.00"
            },
            "missing_lines": [],
            "excluded_lines": [],
            "functions": {
                "": {
                    "executed_lines": [
                        9,
                        10,
                        11,
                        13,
                        16,
                        19,
                        20,
                        21,
                        22,
                        24
                    ],
                    "summary": {
                        "covered_lines": 10,
                        "num_statements": 10,
                        "percent_covered": 100.0,
                        "percent_covered_display": "100.00",
                        "missing_lines": 0,
                        "excluded_lines": 0,
                        "percent_statements_covered": 100.0,
                        "percent_statements_covered_display": "100.00"
                    },
                    "missing_lines": [],
                    "excluded_lines": [],
                    "start_line": 1
                }
            },
            "classes": {
                "": {
                    "executed_lines": [
                        9,
                        10,
                        11,
                        13,
                        16,
                        19,
                        20,
                        21,
                        22,
                        24
                    ],
                    "summary": {
                        "covered_lines": 10,
                        "num_statements": 10,
                        "percent_covered": 100.0,
                        "percent_covered_display": "100.00",
                        "missing_lines": 0,
                        "excluded_lines": 0,
                        "percent_statements_covered": 100.0,
                        "percent_statements_covered_display": "100.00"
                    },
                    "missing_lines": [],
                    "excluded_lines": [],
                    "start_line": 1
                }
            }
        },
        "lazy_bird/api/__init__.py": {
            "executed_lines": [
                10,
                22,
                32,
                42
            ],
            "summary": {
                "covered_lines": 4,
                "num_statements": 4,
                "percent_covered": 100.0,
                "percent_covered_display": "100.00",
                "missing_lines": 0,
                "excluded_lines": 0,
                "percent_statements_covered": 100.0,
                "percent_statements_covered_display": "100.00"
            },
            "missing_lines": [],
            "excluded_lines": [],
            "functions": {
                "": {
                    "executed_lines": [
                        10,
                        22,
                        32,
                        42
                    ],
                    "summary": {
                        "covered_lines": 4,
                        "num_statements": 4,
                        "percent_covered": 100.0,
                        "percent_covered_display": "100.00",
                        "missing_lines": 0,
                        "excluded_lines": 0,
                        "percent_statements_covered": 100.0,
                        "percent_statements_covered_display": "100.00"
                    },
                    "missing_lines": [],
                    "excluded_lines": [],
                    "start_line": 1
                }
            },
            "classes": {
                "": {
                    "executed_lines": [
                        10,
                        22,
                        32,
                        42
                    ],
                    "summary": {
                        "covered_lines": 4,
                        "num_statements": 4,
                        "percent_covered": 100.0,
                        "percent_covered_display": "100.00",
                        "missing_lines": 0,
                        "excluded_lines": 0,
                        "percent_statements_covered": 100.0,
                        "percent_statements_covered_display": "100.00"
                    },
                    "missing_lines": [],
                    "excluded_lines": [],
                    "start_line": 1
                }
            }
        },
        "lazy_bird/api/dependencies.py": {
            "executed_lines": [
                10,
                12,
                13,
                14,
                16,
                17,
                18,
                19,
                21,
                25,
                40,
                57,
                74,
                152,
                177,
                234,
                265,
                295,
                307,
                313,
                315,
                348,
                349,
                350
            ],
            "summary": {
                "covered_lines": 24,
                "num_statements": 81,
                "percent_covered": 29.62962962962963,
                "percent_covered_display": "29.63",
                "missing_lines": 57,
                "excluded_lines": 0,
                "percent_statements_covered": 29.62962962962963,
                "percent_statements_covered_display": "29.63"
            },
            "missing_lines": [
                37,
                52,
                53,
                71,
                97,
                98,
                101,
                102,
                109,
                112,
                118,
                121,
                122,
                123,
                130,
                132,
                133,
                134,
                140,
                141,
                143,
                148,
                166,
                167,
                170,
                171,
                172,
                174,
                198,
                199,
                206,
                208,
                209,
                210,
                217,
                218,
                219,
                225,
                230,
                256,
                257,
                259,
                260,
                261,
                262,
                285,
                286,
                288,
                289,
                290,
                291,
                331,
                332,
                334,
                335,
                339,
                344
            ],
            "excluded_lines": [],
            "functions": {
                "get_database": {
                    "executed_lines": [],
                    "summary": {
                        "covered_lines": 0,
                        "num_statements": 1,
                        "percent_covered": 0.0,
                        "percent_covered_display": "0.00",
                        "missing_lines": 1,
                        "excluded_lines": 0,
                        "percent_statements_covered": 0.0,
                        "percent_statements_covered_display": "0.00"
                    },
                    "missing_lines": [
                        37
                    ],
                    "excluded_lines": [],
                    "start_line": 25
                },
                "get_async_database": {
                    "executed_lines": [],
                    "summary": {
                        "covered_lines": 0,
                        "num_statements": 2,
                        "percent_covered": 0.0,
                        "percent_covered_display": "0.00",
                        "missing_lines": 2,
                        "excluded_lines": 0,
                        "percent_statements_covered": 0.0,
                        "percent_statements_covered_display": "0.00"
                    },
                    "missing_lines": [
                        52,
                        53
                    ],
                    "excluded_lines": [],
                    "start_line": 40
                },
                "get_api_key_from_header": {
                    "executed_lines": [],
                    "summary": {
                        "covered_lines": 0,
                        "num_statements": 1,
                        "percent_covered": 0.0,
                        "percent_covered_display": "0.00",
                        "missing_lines": 1,
                        "excluded_lines": 0,
                        "percent_statements_covered": 0.0,
                        "percent_statements_covered_display": "0.00"
                    },
                    "missing_lines": [
                        71
                    ],
                    "excluded_lines": [],
                    "start_line": 57
                },
                "get_current_api_key": {
                    "executed_lines": [],
                    "summary": {
                        "covered_lines": 0,
                        "num_statements": 18,
                        "percent_covered": 0.0,
                        "percent_covered_display": "0.00",
                        "missing_lines": 18,
                        "excluded_lines": 0,
                        "percent_statements_covered": 0.0,
                        "percent_statements_covered_display": "0.00"
                    },
                    "missing_lines": [
                        97,
                        98,
                        101,
                        102,
                        109,
                        112,
                        118,
                        121,
                        122,
                        123,
                        130,
                        132,
                        133,
                        134,
                        140,
                        141,
                        143,
                        148
                    ],
                    "excluded_lines": [],
                    "start_line": 74
                },
                "get_token_from_header": {
                    "executed_lines": [],
                    "summary": {
                        "covered_lines": 0,
                        "num_statements": 6,
                        "percent_covered": 0.0,
                        "percent_covered_display": "0.00",
                        "missing_lines": 6,
                        "excluded_lines": 0,
                        "percent_statements_covered": 0.0,
                        "percent_statements_covered_display": "0.00"
                    },
                    "missing_lines": [
                        166,
                        167,
                        170,
                        171,
                        172,
                        174
                    ],
                    "excluded_lines": [],
                    "start_line": 152
                },
                "get_current_user": {
                    "executed_lines": [],
                    "summary": {
                        "covered_lines": 0,
                        "num_statements": 11,
                        "percent_covered": 0.0,
                        "percent_covered_display": "0.00",
                        "missing_lines": 11,
                        "excluded_lines": 0,
                        "percent_statements_covered": 0.0,
                        "percent_statements_covered_display": "0.00"
                    },
                    "missing_lines": [
                        198,
                        199,
                        206,
                        208,
                        209,
                        210,
                        217,
                        218,
                        219,
                        225,
                        230
                    ],
                    "excluded_lines": [],
                    "start_line": 177
                },
                "get_optional_api_key": {
                    "executed_lines": [],
                    "summary": {
                        "covered_lines": 0,
                        "num_statements": 6,
                        "percent_covered": 0.0,
                        "percent_covered_display": "0.00",
                        "missing_lines": 6,
                        "excluded_lines": 0,
                        "percent_statements_covered": 0.0,
                        "percent_statements_covered_display": "0.00"
                    },
                    "missing_lines": [
                        256,
                        257,
                        259,
                        260,
                        261,
                        262
                    ],
                    "excluded_lines": [],
                    "start_line": 234
                },
                "get_optional_user": {
                    "executed_lines": [],
                    "summary": {
                        "covered_lines": 0,
                        "num_statements": 6,
                        "percent_covered": 0.0,
                        "percent_covered_display": "0.00",
                        "missing_lines": 6,
                        "excluded_lines": 0,
                        "percent_statements_covered": 0.0,
                        "percent_statements_covered_display": "0.00"
                    },
                    "missing_lines": [
                        285,
                        286,
                        288,
                        289,
                        290,
                        291
                    ],
                    "excluded_lines": [],
                    "start_line": 265
                },
                "RequireScopes.__init__": {
                    "executed_lines": [
                        313
                    ],
                    "summary": {
                        "covered_lines": 1,
                        "num_statements": 1,
                        "percent_covered": 100.0,
                        "percent_covered_display": "100.00",
                        "missing_lines": 0,
                        "excluded_lines": 0,
                        "percent_statements_covered": 100.0,
                        "percent_statements_covered_display": "100.00"
                    },
                    "missing_lines": [],
                    "excluded_lines": [],
                    "start_line": 307
                },
                "RequireScopes.__call__": {
                    "executed_lines": [],
                    "summary": {
                        "covered_lines": 0,
                        "num_statements": 6,
                        "percent_covered": 0.0,
                        "percent_covered_display": "0.00",
                        "missing_lines": 6,
                        "excluded_lines": 0,
                        "percent_statements_covered": 0.0,
                        "percent_statements_covered_display": "0.00"
                    },
                    "missing_lines": [
                        331,
                        332,
                        334,
                        335,
                        339,
                        344
                    ],
                    "excluded_lines": [],
                    "start_line": 315
                },
                "": {
                    "executed_lines": [
                        10,
                        12,
                        13,
                        14,
                        16,
                        17,
                        18,
                        19,
                        21,
                        25,
                        40,
                        57,
                        74,
                        152,
                        177,
                        234,
                        265,
                        295,
                        307,
                        315,
                        348,
                        349,
                        350
                    ],
                    "summary": {
                        "covered_lines": 23,
                        "num_statements": 23,
                        "percent_covered": 100.0,
                        "percent_covered_display": "100.00",
                        "missing_lines": 0,
                        "excluded_lines": 0,
                        "percent_statements_covered": 100.0,
                        "percent_statements_covered_display": "100.00"
                    },
                    "missing_lines": [],
                    "excluded_lines": [],
                    "start_line": 1
                }
            },
            "classes": {
                "RequireScopes": {
                    "executed_lines": [
                        313
                    ],
                    "summary": {
                        "covered_lines": 1,
                        "num_statements": 7,
                        "percent_covered": 14.285714285714286,
                        "percent_covered_display": "14.29",
                        "missing_lines": 6,
                        "excluded_lines": 0,
                        "percent_statements_covered": 14.285714285714286,
                        "percent_statements_covered_display": "14.29"
                    },
                    "missing_lines": [
                        331,
                        332,
                        334,
                        335,
                        339,
                        344
                    ],
                    "excluded_lines": [],
                    "start_line": 295
                },
                "": {
                    "executed_lines": [
                        10,
                        12,
                        13,
                        14,
                        16,
                        17,
                        18,
                        19,
                        21,
                        25,
                        40,
                        57,
                        74,
                        152,
                        177,
                        234,
                        265,
                        295,
                        307,
                        315,
                        348,
                        349,
                        350
                    ],
                    "summary": {
                        "covered_lines": 23,
                        "num_statements": 74,
                        "percent_covered": 31.08108108108108,
                        "percent_covered_display": "31.08",
                        "missing_lines": 51,
                        "excluded_lines": 0,
                        "percent_statements_covered": 31.08108108108108,
                        "percent_statements_covered_display": "31.08"
                    },
                    "missing_lines": [
                        37,
                        52,
                        53,
                        71,
                        97,
                        98,
                        101,
                        102,
                        109,
                        112,
                        118,
                        121,
                        122,
                        123,
                        130,
                        132,
                        133,
                        134,
                        140,
                        141,
                        143,
                        148,
                        166,
                        167,
                        170,
                        171,
                        172,
                        174,
                        198,
                        199,
                        206,
                        208,
                        209,
                        210,
                        217,
                        218,
                        219,
                        225,
                        230,
                        256,
                        257,
                        259,
                        260,
                        261,
                        262,
                        285,
                        286,
                        288,
                        289,
                        290,
                        291
                    ],
                    "excluded_lines": [],
                    "start_line": 1
                }
            }
        },
        "lazy_bird/api/exceptions.py": {
            "executed_lines": [
                7,
                9,
                10,
                11,
                13,
                15,
                23,
                38,
                43,
                48,
                55,
                60,
                66,
                70,
                81,
                87,
                109,
                110,
                133,
                136,
                156,
                159,
                179,
                182,
                203,
                206,
                223,
                226,
                254,
                257,
                276,
                279,
                304,
                354,
                417,
                472,
                483,
                486,
                487,
                488,
                490
            ],
            "summary": {
                "covered_lines": 41,
                "num_statements": 81,
                "percent_covered": 50.617283950617285,
                "percent_covered_display": "50.62",
                "missing_lines": 40,
                "excluded_lines": 0,
                "percent_statements_covered": 50.617283950617285,
                "percent_statements_covered_display": "50.62"
            },
            "missing_lines": [
                104,
                105,
                106,
                107,
                119,
                130,
                147,
                170,
                193,
                194,
                215,
                239,
                240,
                241,
                242,
                243,
                245,
                269,
                270,
                290,
                317,
                320,
                331,
                344,
                365,
                368,
                381,
                386,
                396,
                407,
                427,
                430,
                433,
                434,
                435,
                436,
                437,
                440,
                451,
                462
            ],
            "excluded_lines": [],
            "functions": {
                "LazyBirdException.__init__": {
                    "executed_lines": [],
                    "summary": {
                        "covered_lines": 0,
                        "num_statements": 4,
                        "percent_covered": 0.0,
                        "percent_covered_display": "0.00",
                        "missing_lines": 4,
                        "excluded_lines": 0,
                        "percent_statements_covered": 0.0,
                        "percent_statements_covered_display": "0.00"
                    },
                    "missing_lines": [
                        104,
                        105,
                        106,
                        107
                    ],
                    "excluded_lines": [],
                    "start_line": 87
                },
                "LazyBirdException._default_title": {
                    "executed_lines": [],
                    "summary": {
                        "covered_lines": 0,
                        "num_statements": 2,
                        "percent_covered": 0.0,
                        "percent_covered_display": "0.00",
                        "missing_lines": 2,
                        "excluded_lines": 0,
                        "percent_statements_covered": 0.0,
                        "percent_statements_covered_display": "0.00"
                    },
                    "missing_lines": [
                        119,
                        130
                    ],
                    "excluded_lines": [],
                    "start_line": 110
                },
                "ValidationError.__init__": {
                    "executed_lines": [],
                    "summary": {
                        "covered_lines": 0,
                        "num_statements": 1,
                        "percent_covered": 0.0,
                        "percent_covered_display": "0.00",
                        "missing_lines": 1,
                        "excluded_lines": 0,
                        "percent_statements_covered": 0.0,
                        "percent_statements_covered_display": "0.00"
                    },
                    "missing_lines": [
                        147
                    ],
                    "excluded_lines": [],
                    "start_line": 136
                },
                "ResourceNotFoundError.__init__": {
                    "executed_lines": [],
                    "summary": {
                        "covered_lines": 0,
                        "num_statements": 1,
                        "percent_covered": 0.0,
                        "percent_covered_display": "0.00",
                        "missing_lines": 1,
                        "excluded_lines": 0,
                        "percent_statements_covered": 0.0,
                        "percent_statements_covered_display": "0.00"
                    },
                    "missing_lines": [
                        170
                    ],
                    "excluded_lines": [],
                    "start_line": 159
                },
                "ResourceConflictError.__init__": {
                    "executed_lines": [],
                    "summary": {
                        "covered_lines": 0,
                        "num_statements": 2,
                        "percent_covered": 0.0,
                        "percent_covered_display": "0.00",
                        "missing_lines": 2,
                        "excluded_lines": 0,
                        "percent_statements_covered": 0.0,
                        "percent_statements_covered_display": "0.00"
                    },
                    "missing_lines": [
                        193,
                        194
                    ],
                    "excluded_lines": [],
                    "start_line": 182
                },
                "AuthenticationError.__init__": {
                    "executed_lines": [],
                    "summary": {
                        "covered_lines": 0,
                        "num_statements": 1,
                        "percent_covered": 0.0,
                        "percent_covered_display": "0.00",
                        "missing_lines": 1,
                        "excluded_lines": 0,
                        "percent_statements_covered": 0.0,
                        "percent_statements_covered_display": "0.00"
                    },
                    "missing_lines": [
                        215
                    ],
                    "excluded_lines": [],
                    "start_line": 206
                },
                "AuthorizationError.__init__": {
                    "executed_lines": [],
                    "summary": {
                        "covered_lines": 0,
                        "num_statements": 6,
                        "percent_covered": 0.0,
                        "percent_covered_display": "0.00",
                        "missing_lines": 6,
                        "excluded_lines": 0,
                        "percent_statements_covered": 0.0,
                        "percent_statements_covered_display": "0.00"
                    },
                    "missing_lines": [
                        239,
                        240,
                        241,
                        242,
                        243,
                        245
                    ],
                    "excluded_lines": [],
                    "start_line": 226
                },
                "InsufficientPermissionsError.__init__": {
                    "executed_lines": [],
                    "summary": {
                        "covered_lines": 0,
                        "num_statements": 2,
                        "percent_covered": 0.0,
                        "percent_covered_display": "0.00",
                        "missing_lines": 2,
                        "excluded_lines": 0,
                        "percent_statements_covered": 0.0,
                        "percent_statements_covered_display": "0.00"
                    },
                    "missing_lines": [
                        269,
                        270
                    ],
                    "excluded_lines": [],
                    "start_line": 257
                },
                "ExternalServiceError.__init__": {
                    "executed_lines": [],
                    "summary": {
                        "covered_lines": 0,
                        "num_statements": 1,
                        "percent_covered": 0.0,
                        "percent_covered_display": "0.00",
                        "missing_lines": 1,
                        "excluded_lines": 0,
                        "percent_statements_covered": 0.0,
                        "percent_statements_covered_display": "0.00"
                    },
                    "missing_lines": [
                        290
                    ],
                    "excluded_lines": [],
                    "start_line": 279
                },
                "lazy_bird_exception_handler": {
                    "executed_lines": [],
                    "summary": {
                        "covered_lines": 0,
                        "num_statements": 4,
                        "percent_covered": 0.0,
                        "percent_covered_display": "0.00",
                        "missing_lines": 4,
                        "excluded_lines": 0,
                        "percent_statements_covered": 0.0,
                        "percent_statements_covered_display": "0.00"
                    },
                    "missing_lines": [
                        317,
                        320,
                        331,
                        344
                    ],
                    "excluded_lines": [],
                    "start_line": 304
                },
                "http_exception_handler": {
                    "executed_lines": [],
                    "summary": {
                        "covered_lines": 0,
                        "num_statements": 6,
                        "percent_covered": 0.0,
                        "percent_covered_display": "0.00",
                        "missing_lines": 6,
                        "excluded_lines": 0,
                        "percent_statements_covered": 0.0,
                        "percent_statements_covered_display": "0.00"
                    },
                    "missing_lines": [
                        365,
                        368,
                        381,
                        386,
                        396,
                        407
                    ],
                    "excluded_lines": [],
                    "start_line": 354
                },
                "validation_exception_handler": {
                    "executed_lines": [],
                    "summary": {
                        "covered_lines": 0,
                        "num_statements": 10,
                        "percent_covered": 0.0,
                        "percent_covered_display": "0.00",
                        "missing_lines": 10,
                        "excluded_lines": 0,
                        "percent_statements_covered": 0.0,
                        "percent_statements_covered_display": "0.00"
                    },
                    "missing_lines": [
                        427,
                        430,
                        433,
                        434,
                        435,
                        436,
                        437,
                        440,
                        451,
                        462
                    ],
                    "excluded_lines": [],
                    "start_line": 417
                },
                "register_exception_handlers": {
                    "executed_lines": [
                        483,
                        486,
                        487,
                        488,
                        490
                    ],
                    "summary": {
                        "covered_lines": 5,
                        "num_statements": 5,
                        "percent_covered": 100.0,
                        "percent_covered_display": "100.00",
                        "missing_lines": 0,
                        "excluded_lines": 0,
                        "percent_statements_covered": 100.0,
                        "percent_statements_covered_display": "100.00"
                    },
                    "missing_lines": [],
                    "excluded_lines": [],
                    "start_line": 472
                },
                "": {
                    "executed_lines": [
                        7,
                        9,
                        10,
                        11,
                        13,
                        15,
                        23,
                        38,
                        43,
                        48,
                        55,
                        60,
                        66,
                        70,
                        81,
                        87,
                        109,
                        110,
                        133,
                        136,
                        156,
                        159,
                        179,
                        182,
                        203,
                        206,
                        223,
                        226,
                        254,
                        257,
                        276,
                        279,
                        304,
                        354,
                        417,
                        472
                    ],
                    "summary": {
                        "covered_lines": 36,
                        "num_statements": 36,
                        "percent_covered": 100.0,
                        "percent_covered_display": "100.00",
                        "missing_lines": 0,
                        "excluded_lines": 0,
                        "percent_statements_covered": 100.0,
                        "percent_statements_covered_display": "100.00"
                    },
                    "missing_lines": [],
                    "excluded_lines": [],
                    "start_line": 1
                }
            },
            "classes": {
                "ProblemDetails": {
                    "executed_lines": [],
                    "summary": {
                        "covered_lines": 0,
                        "num_statements": 0,
                        "percent_covered": 100.0,
                        "percent_covered_display": "100.00",
                        "missing_lines": 0,
                        "excluded_lines": 0,
                        "percent_statements_covered": 100.0,
                        "percent_statements_covered_display": "100.00"
                    },
                    "missing_lines": [],
                    "excluded_lines": [],
                    "start_line": 23
                },
                "LazyBirdException": {
                    "executed_lines": [],
                    "summary": {
                        "covered_lines": 0,
                        "num_statements": 6,
                        "percent_covered": 0.0,
                        "percent_covered_display": "0.00",
                        "missing_lines": 6,
                        "excluded_lines": 0,
                        "percent_statements_covered": 0.0,
                        "percent_statements_covered_display": "0.00"
                    },
                    "missing_lines": [
                        104,
                        105,
                        106,
                        107,
                        119,
                        130
                    ],
                    "excluded_lines": [],
                    "start_line": 81
                },
                "ValidationError": {
                    "executed_lines": [],
                    "summary": {
                        "covered_lines": 0,
                        "num_statements": 1,
                        "percent_covered": 0.0,
                        "percent_covered_display": "0.00",
                        "missing_lines": 1,
                        "excluded_lines": 0,
                        "percent_statements_covered": 0.0,
                        "percent_statements_covered_display": "0.00"
                    },
                    "missing_lines": [
                        147
                    ],
                    "excluded_lines": [],
                    "start_line": 133
                },
                "ResourceNotFoundError": {
                    "executed_lines": [],
                    "summary": {
                        "covered_lines": 0,
                        "num_statements": 1,
                        "percent_covered": 0.0,
                        "percent_covered_display": "0.00",
                        "missing_lines": 1,
                        "excluded_lines": 0,
                        "percent_statements_covered": 0.0,
                        "percent_statements_covered_display": "0.00"
                    },
                    "missing_lines": [
                        170
                    ],
                    "excluded_lines": [],
                    "start_line": 156
                },
                "ResourceConflictError": {
                    "executed_lines": [],
                    "summary": {
                        "covered_lines": 0,
                        "num_statements": 2,
                        "percent_covered": 0.0,
                        "percent_covered_display": "0.00",
                        "missing_lines": 2,
                        "excluded_lines": 0,
                        "percent_statements_covered": 0.0,
                        "percent_statements_covered_display": "0.00"
                    },
                    "missing_lines": [
                        193,
                        194
                    ],
                    "excluded_lines": [],
                    "start_line": 179
                },
                "AuthenticationError": {
                    "executed_lines": [],
                    "summary": {
                        "covered_lines": 0,
                        "num_statements": 1,
                        "percent_covered": 0.0,
                        "percent_covered_display": "0.00",
                        "missing_lines": 1,
                        "excluded_lines": 0,
                        "percent_statements_covered": 0.0,
                        "percent_statements_covered_display": "0.00"
                    },
                    "missing_lines": [
                        215
                    ],
                    "excluded_lines": [],
                    "start_line": 203
                },
                "AuthorizationError": {
                    "executed_lines": [],
                    "summary": {
                        "covered_lines": 0,
                        "num_statements": 6,
                        "percent_covered": 0.0,
                        "percent_covered_display": "0.00",
                        "missing_lines": 6,
                        "excluded_lines": 0,
                        "percent_statements_covered": 0.0,
                        "percent_statements_covered_display": "0.00"
                    },
                    "missing_lines": [
                        239,
                        240,
                        241,
                        242,
                        243,
                        245
                    ],
                    "excluded_lines": [],
                    "start_line": 223
                },
                "InsufficientPermissionsError": {
                    "executed_lines": [],
                    "summary": {
                        "covered_lines": 0,
                        "num_statements": 2,
                        "percent_covered": 0.0,
                        "percent_covered_display": "0.00",
                        "missing_lines": 2,
                        "excluded_lines": 0,
                        "percent_statements_covered": 0.0,
                        "percent_statements_covered_display": "0.00"
                    },
                    "missing_lines": [
                        269,
                        270
                    ],
                    "excluded_lines": [],
                    "start_line": 254
                },
                "ExternalServiceError": {
                    "executed_lines": [],
                    "summary": {
                        "covered_lines": 0,
                        "num_statements": 1,
                        "percent_covered": 0.0,
                        "percent_covered_display": "0.00",
                        "missing_lines": 1,
                        "excluded_lines": 0,
                        "percent_statements_covered": 0.0,
                        "percent_statements_covered_display": "0.00"
                    },
                    "missing_lines": [
                        290
                    ],
                    "excluded_lines": [],
                    "start_line": 276
                },
                "": {
                    "executed_lines": [
                        7,
                        9,
                        10,
                        11,
                        13,
                        15,
                        23,
                        38,
                        43,
                        48,
                        55,
                        60,
                        66,
                        70,
                        81,
                        87,
                        109,
                        110,
                        133,
                        136,
                        156,
                        159,
                        179,
                        182,
                        203,
                        206,
                        223,
                        226,
                        254,
                        257,
                        276,
                        279,
                        304,
                        354,
                        417,
                        472,
                        483,
                        486,
                        487,
                        488,
                        490
                    ],
                    "summary": {
                        "covered_lines": 41,
                        "num_statements": 61,
                        "percent_covered": 67.21311475409836,
                        "percent_covered_display": "67.21",
                        "missing_lines": 20,
                        "excluded_lines": 0,
                        "percent_statements_covered": 67.21311475409836,
                        "percent_statements_covered_display": "67.21"
                    },
                    "missing_lines": [
                        317,
                        320,
                        331,
                        344,
                        365,
                        368,
                        381,
                        386,
                        396,
                        407,
                        427,
                        430,
                        433,
                        434,
                        435,
                        436,
                        437,
                        440,
                        451,
                        462
                    ],
                    "excluded_lines": [],
                    "start_line": 1
                }
            }
        },
        "lazy_bird/api/main.py": {
            "executed_lines": [
                10,
                11,
                13,
                14,
                16,
                17,
                18,
                26,
                27,
                34,
                37,
                38,
                131,
                224,
                227,
                229,
                232,
                243,
                244,
                245,
                246,
                247,
                248,
                249,
                256,
                257
            ],
            "summary": {
                "covered_lines": 26,
                "num_statements": 78,
                "percent_covered": 33.333333333333336,
                "percent_covered_display": "33.33",
                "missing_lines": 52,
                "excluded_lines": 3,
                "percent_statements_covered": 33.333333333333336,
                "percent_statements_covered_display": "33.33"
            },
            "missing_lines": [
                53,
                56,
                57,
                60,
                61,
                62,
                63,
                64,
                65,
                67,
                69,
                70,
                71,
                72,
                74,
                75,
                76,
                79,
                80,
                81,
                82,
                84,
                86,
                87,
                89,
                90,
                91,
                93,
                94,
                95,
                96,
                99,
                102,
                105,
                106,
                107,
                108,
                110,
                111,
                112,
                113,
                116,
                117,
                118,
                119,
                120,
                122,
                123,
                124,
                125,
                127,
                263
            ],
            "excluded_lines": [
                276,
                277,
                280
            ],
            "functions": {
                "lifespan": {
                    "executed_lines": [],
                    "summary": {
                        "covered_lines": 0,
                        "num_statements": 51,
                        "percent_covered": 0.0,
                        "percent_covered_display": "0.00",
                        "missing_lines": 51,
                        "excluded_lines": 0,
                        "percent_statements_covered": 0.0,
                        "percent_statements_covered_display": "0.00"
                    },
                    "missing_lines": [
                        53,
                        56,
                        57,
                        60,
                        61,
                        62,
                        63,
                        64,
                        65,
                        67,
                        69,
                        70,
                        71,
                        72,
                        74,
                        75,
                        76,
                        79,
                        80,
                        81,
                        82,
                        84,
                        86,
                        87,
                        89,
                        90,
                        91,
                        93,
                        94,
                        95,
                        96,
                        99,
                        102,
                        105,
                        106,
                        107,
                        108,
                        110,
                        111,
                        112,
                        113,
                        116,
                        117,
                        118,
                        119,
                        120,
                        122,
                        123,
                        124,
                        125,
                        127
                    ],
                    "excluded_lines": [],
                    "start_line": 38
                },
                "root": {
                    "executed_lines": [],
                    "summary": {
                        "covered_lines": 0,
                        "num_statements": 1,
                        "percent_covered": 0.0,
                        "percent_covered_display": "0.00",
                        "missing_lines": 1,
                        "excluded_lines": 0,
                        "percent_statements_covered": 0.0,
                        "percent_statements_covered_display": "0.00"
                    },
                    "missing_lines": [
                        263
                    ],
                    "excluded_lines": [],
                    "start_line": 257
                },
                "": {
                    "executed_lines": [
                        10,
                        11,
                        13,
                        14,
                        16,
                        17,
                        18,
                        26,
                        27,
                        34,
                        37,
                        38,
                        131,
                        224,
                        227,
                        229,
                        232,
                        243,
                        244,
                        245,
                        246,
                        247,
                        248,
                        249,
                        256,
                        257
                    ],
                    "summary": {
                        "covered_lines": 26,
                        "num_statements": 26,
                        "percent_covered": 100.0,
                        "percent_covered_display": "100.00",
                        "missing_lines": 0,
                        "excluded_lines": 3,
                        "percent_statements_covered": 100.0,
                        "percent_statements_covered_display": "100.00"
                    },
                    "missing_lines": [],
                    "excluded_lines": [
                        276,
                        277,
                        280
                    ],
                    "start_line": 1
                }
            },
            "classes": {
                "": {
                    "executed_lines": [
                        10,
                        11,
                        13,
                        14,
                        16,
                        17,
                        18,
                        26,
                        27,
                        34,
                        37,
                        38,
                        131,
                        224,
                        227,
                        229,
                        232,
                        243,
                        244,
                        245,
                        246,
                        247,
                        248,
                        249,
                        256,
                        257
                    ],
                    "summary": {
                        "covered_lines": 26,
                        "num_statements": 78,
                        "percent_covered": 33.333333333333336,
                        "percent_covered_display": "33.33",
                        "missing_lines": 52,
                        "excluded_lines": 3,
                        "percent_statements_covered": 33.333333333333336,
                        "percent_statements_covered_display": "33.33"
                    },
                    "missing_lines": [
                        53,
                        56,
                        57,
                        60,
                        61,
                        62,
                        63,
                        64,
                        65,
                        67,
                        69,
                        70,
                        71,
                        72,
                        74,
                        75,
                        76,
                        79,
                        80,
                        81,
                        82,
                        84,
                        86,
                        87,
                        89,
                        90,
                        91,
                        93,
                        94,
                        95,
                        96,
                        99,
                        102,
                        105,
                        106,
                        107,
                        108,
                        110,
                        111,
                        112,
                        113,
                        116,
                        117,
                        118,
                        119,
                        120,
                        122,
                        123,
                        124,
                        125,
                        127,
                        263
                    ],
                    "excluded_lines": [
                        276,
                        277,
                        280
                    ],
                    "start_line": 1
                }
            }
        },
        "lazy_bird/api/middleware.py": {
            "executed_lines": [
                10,
                11,
                12,
                14,
                15,
                16,
                17,
                18,
                20,
                21,
                28,
                31,
                42,
                50,
                53,
                62,
                73,
                76,
                77,
                80,
                83,
                85,
                87,
                90,
                91,
                93,
                96,
                99,
                110,
                121,
                124,
                125,
                126,
                127,
                128,
                131,
                143,
                144,
                163,
                166,
                179,
                181,
                184,
                191,
                201,
                202,
                244,
                254,
                264,
                267,
                268,
                269,
                272,
                273,
                275,
                278,
                285,
                292,
                293,
                294,
                296,
                307,
                308,
                311,
                314,
                315,
                317,
                361,
                363,
                364,
                367,
                370,
                371,
                373,
                376,
                400,
                403,
                406,
                409,
                412,
                415,
                417
            ],
            "summary": {
                "covered_lines": 82,
                "num_statements": 105,
                "percent_covered": 78.0952380952381,
                "percent_covered_display": "78.10",
                "missing_lines": 23,
                "excluded_lines": 0,
                "percent_statements_covered": 78.0952380952381,
                "percent_statements_covered_display": "78.10"
            },
            "missing_lines": [
                145,
                147,
                148,
                160,
                203,
                205,
                208,
                220,
                222,
                229,
                235,
                318,
                321,
                323,
                325,
                334,
                350,
                351,
                352,
                354,
                355,
                358,
                359
            ],
            "excluded_lines": [],
            "functions": {
                "setup_cors": {
                    "executed_lines": [
                        42,
                        50
                    ],
                    "summary": {
                        "covered_lines": 2,
                        "num_statements": 2,
                        "percent_covered": 100.0,
                        "percent_covered_display": "100.00",
                        "missing_lines": 0,
                        "excluded_lines": 0,
                        "percent_statements_covered": 100.0,
                        "percent_statements_covered_display": "100.00"
                    },
                    "missing_lines": [],
                    "excluded_lines": [],
                    "start_line": 31
                },
                "RequestIDMiddleware.dispatch": {
                    "executed_lines": [
                        73,
                        76,
                        77,
                        80,
                        83,
                        85,
                        87,
                        90,
                        91,
                        93,
                        96
                    ],
                    "summary": {
                        "covered_lines": 11,
                        "num_statements": 11,
                        "percent_covered": 100.0,
                        "percent_covered_display": "100.00",
                        "missing_lines": 0,
                        "excluded_lines": 0,
                        "percent_statements_covered": 100.0,
                        "percent_statements_covered_display": "100.00"
                    },
                    "missing_lines": [],
                    "excluded_lines": [],
                    "start_line": 62
                },
                "RequestLoggingMiddleware.dispatch": {
                    "executed_lines": [
                        121,
                        124,
                        125,
                        126,
                        127,
                        128,
                        131,
                        143,
                        144,
                        163,
                        166,
                        179,
                        181
                    ],
                    "summary": {
                        "covered_lines": 13,
                        "num_statements": 17,
                        "percent_covered": 76.47058823529412,
                        "percent_covered_display": "76.47",
                        "missing_lines": 4,
                        "excluded_lines": 0,
                        "percent_statements_covered": 76.47058823529412,
                        "percent_statements_covered_display": "76.47"
                    },
                    "missing_lines": [
                        145,
                        147,
                        148,
                        160
                    ],
                    "excluded_lines": [],
                    "start_line": 110
                },
                "ErrorHandlingMiddleware.dispatch": {
                    "executed_lines": [
                        201,
                        202
                    ],
                    "summary": {
                        "covered_lines": 2,
                        "num_statements": 9,
                        "percent_covered": 22.22222222222222,
                        "percent_covered_display": "22.22",
                        "missing_lines": 7,
                        "excluded_lines": 0,
                        "percent_statements_covered": 22.22222222222222,
                        "percent_statements_covered_display": "22.22"
                    },
                    "missing_lines": [
                        203,
                        205,
                        208,
                        220,
                        222,
                        229,
                        235
                    ],
                    "excluded_lines": [],
                    "start_line": 191
                },
                "SecurityHeadersMiddleware.dispatch": {
                    "executed_lines": [
                        264,
                        267,
                        268,
                        269,
                        272,
                        273,
                        275
                    ],
                    "summary": {
                        "covered_lines": 7,
                        "num_statements": 7,
                        "percent_covered": 100.0,
                        "percent_covered_display": "100.00",
                        "missing_lines": 0,
                        "excluded_lines": 0,
                        "percent_statements_covered": 100.0,
                        "percent_statements_covered_display": "100.00"
                    },
                    "missing_lines": [],
                    "excluded_lines": [],
                    "start_line": 254
                },
                "RateLimitMiddleware.__init__": {
                    "executed_lines": [
                        292,
                        293,
                        294
                    ],
                    "summary": {
                        "covered_lines": 3,
                        "num_statements": 3,
                        "percent_covered": 100.0,
                        "percent_covered_display": "100.00",
                        "missing_lines": 0,
                        "excluded_lines": 0,
                        "percent_statements_covered": 100.0,
                        "percent_statements_covered_display": "100.00"
                    },
                    "missing_lines": [],
                    "excluded_lines": [],
                    "start_line": 285
                },
                "RateLimitMiddleware.dispatch": {
                    "executed_lines": [
                        307,
                        308,
                        311,
                        314,
                        315,
                        317,
                        361,
                        363,
                        364,
                        367,
                        370,
                        371,
                        373
                    ],
                    "summary": {
                        "covered_lines": 13,
                        "num_statements": 25,
                        "percent_covered": 52.0,
                        "percent_covered_display": "52.00",
                        "missing_lines": 12,
                        "excluded_lines": 0,
                        "percent_statements_covered": 52.0,
                        "percent_statements_covered_display": "52.00"
                    },
                    "missing_lines": [
                        318,
                        321,
                        323,
                        325,
                        334,
                        350,
                        351,
                        352,
                        354,
                        355,
                        358,
                        359
                    ],
                    "excluded_lines": [],
                    "start_line": 296
                },
                "setup_middleware": {
                    "executed_lines": [
                        400,
                        403,
                        406,
                        409,
                        412,
                        415,
                        417
                    ],
                    "summary": {
                        "covered_lines": 7,
                        "num_statements": 7,
                        "percent_covered": 100.0,
                        "percent_covered_display": "100.00",
                        "missing_lines": 0,
                        "excluded_lines": 0,
                        "percent_statements_covered": 100.0,
                        "percent_statements_covered_display": "100.00"
                    },
                    "missing_lines": [],
                    "excluded_lines": [],
                    "start_line": 376
                },
                "": {
                    "executed_lines": [
                        10,
                        11,
                        12,
                        14,
                        15,
                        16,
                        17,
                        18,
                        20,
                        21,
                        28,
                        31,
                        53,
                        62,
                        99,
                        110,
                        184,
                        191,
                        244,
                        254,
                        278,
                        285,
                        296,
                        376
                    ],
                    "summary": {
                        "covered_lines": 24,
                        "num_statements": 24,
                        "percent_covered": 100.0,
                        "percent_covered_display": "100.00",
                        "missing_lines": 0,
                        "excluded_lines": 0,
                        "percent_statements_covered": 100.0,
                        "percent_statements_covered_display": "100.00"
                    },
                    "missing_lines": [],
                    "excluded_lines": [],
                    "start_line": 1
                }
            },
            "classes": {
                "RequestIDMiddleware": {
                    "executed_lines": [
                        73,
                        76,
                        77,
                        80,
                        83,
                        85,
                        87,
                        90,
                        91,
                        93,
                        96
                    ],
                    "summary": {
                        "covered_lines": 11,
                        "num_statements": 11,
                        "percent_covered": 100.0,
                        "percent_covered_display": "100.00",
                        "missing_lines": 0,
                        "excluded_lines": 0,
                        "percent_statements_covered": 100.0,
                        "percent_statements_covered_display": "100.00"
                    },
                    "missing_lines": [],
                    "excluded_lines": [],
                    "start_line": 53
                },
                "RequestLoggingMiddleware": {
                    "executed_lines": [
                        121,
                        124,
                        125,
                        126,
                        127,
                        128,
                        131,
                        143,
                        144,
                        163,
                        166,
                        179,
                        181
                    ],
                    "summary": {
                        "covered_lines": 13,
                        "num_statements": 17,
                        "percent_covered": 76.47058823529412,
                        "percent_covered_display": "76.47",
                        "missing_lines": 4,
                        "excluded_lines": 0,
                        "percent_statements_covered": 76.47058823529412,
                        "percent_statements_covered_display": "76.47"
                    },
                    "missing_lines": [
                        145,
                        147,
                        148,
                        160
                    ],
                    "excluded_lines": [],
                    "start_line": 99
                },
                "ErrorHandlingMiddleware": {
                    "executed_lines": [
                        201,
                        202
                    ],
                    "summary": {
                        "covered_lines": 2,
                        "num_statements": 9,
                        "percent_covered": 22.22222222222222,
                        "percent_covered_display": "22.22",
                        "missing_lines": 7,
                        "excluded_lines": 0,
                        "percent_statements_covered": 22.22222222222222,
                        "percent_statements_covered_display": "22.22"
                    },
                    "missing_lines": [
                        203,
                        205,
                        208,
                        220,
                        222,
                        229,
                        235
                    ],
                    "excluded_lines": [],
                    "start_line": 184
                },
                "SecurityHeadersMiddleware": {
                    "executed_lines": [
                        264,
                        267,
                        268,
                        269,
                        272,
                        273,
                        275
                    ],
                    "summary": {
                        "covered_lines": 7,
                        "num_statements": 7,
                        "percent_covered": 100.0,
                        "percent_covered_display": "100.00",
                        "missing_lines": 0,
                        "excluded_lines": 0,
                        "percent_statements_covered": 100.0,
                        "percent_statements_covered_display": "100.00"
                    },
                    "missing_lines": [],
                    "excluded_lines": [],
                    "start_line": 244
                },
                "RateLimitMiddleware": {
                    "executed_lines": [
                        292,
                        293,
                        294,
                        307,
                        308,
                        311,
                        314,
                        315,
                        317,
                        361,
                        363,
                        364,
                        367,
                        370,
                        371,
                        373
                    ],
                    "summary": {
                        "covered_lines": 16,
                        "num_statements": 28,
                        "percent_covered": 57.142857142857146,
                        "percent_covered_display": "57.14",
                        "missing_lines": 12,
                        "excluded_lines": 0,
                        "percent_statements_covered": 57.142857142857146,
                        "percent_statements_covered_display": "57.14"
                    },
                    "missing_lines": [
                        318,
                        321,
                        323,
                        325,
                        334,
                        350,
                        351,
                        352,
                        354,
                        355,
                        358,
                        359
                    ],
                    "excluded_lines": [],
                    "start_line": 278
                },
                "": {
                    "executed_lines": [
                        10,
                        11,
                        12,
                        14,
                        15,
                        16,
                        17,
                        18,
                        20,
                        21,
                        28,
                        31,
                        42,
                        50,
                        53,
                        62,
                        99,
                        110,
                        184,
                        191,
                        244,
                        254,
                        278,
                        285,
                        296,
                        376,
                        400,
                        403,
                        406,
                        409,
                        412,
                        415,
                        417
                    ],
                    "summary": {
                        "covered_lines": 33,
                        "num_statements": 33,
                        "percent_covered": 100.0,
                        "percent_covered_display": "100.00",
                        "missing_lines": 0,
                        "excluded_lines": 0,
                        "percent_statements_covered": 100.0,
                        "percent_statements_covered_display": "100.00"
                    },
                    "missing_lines": [],
                    "excluded_lines": [],
                    "start_line": 1
                }
            }
        },
        "lazy_bird/api/routers/__init__.py": {
            "executed_lines": [
                14,
                15,
                16,
                17,
                18,
                19,
                20,
                22
            ],
            "summary": {
                "covered_lines": 8,
                "num_statements": 8,
                "percent_covered": 100.0,
                "percent_covered_display": "100.00",
                "missing_lines": 0,
                "excluded_lines": 0,
                "percent_statements_covered": 100.0,
                "percent_statements_covered_display": "100.00"
            },
            "missing_lines": [],
            "excluded_lines": [],
            "functions": {
                "": {
                    "executed_lines": [
                        14,
                        15,
                        16,
                        17,
                        18,
                        19,
                        20,
                        22
                    ],
                    "summary": {
                        "covered_lines": 8,
                        "num_statements": 8,
                        "percent_covered": 100.0,
                        "percent_covered_display": "100.00",
                        "missing_lines": 0,
                        "excluded_lines": 0,
                        "percent_statements_covered": 100.0,
                        "percent_statements_covered_display": "100.00"
                    },
                    "missing_lines": [],
                    "excluded_lines": [],
                    "start_line": 1
                }
            },
            "classes": {
                "": {
                    "executed_lines": [
                        14,
                        15,
                        16,
                        17,
                        18,
                        19,
                        20,
                        22
                    ],
                    "summary": {
                        "covered_lines": 8,
                        "num_statements": 8,
                        "percent_covered": 100.0,
                        "percent_covered_display": "100.00",
                        "missing_lines": 0,
                        "excluded_lines": 0,
                        "percent_statements_covered": 100.0,
                        "percent_statements_covered_display": "100.00"
                    },
                    "missing_lines": [],
                    "excluded_lines": [],
                    "start_line": 1
                }
            }
        },
        "lazy_bird/api/routers/api_keys.py": {
            "executed_lines": [
                11,
                12,
                13,
                15,
                16,
                17,
                19,
                20,
                21,
                22,
                23,
                24,
                25,
                33,
                36,
                39,
                40,
                41,
                149,
                150,
                151,
                238,
                239,
                288,
                289,
                367,
                368
            ],
            "summary": {
                "covered_lines": 27,
                "num_statements": 100,
                "percent_covered": 27.0,
                "percent_covered_display": "27.00",
                "missing_lines": 73,
                "excluded_lines": 0,
                "percent_statements_covered": 27.0,
                "percent_statements_covered_display": "27.00"
            },
            "missing_lines": [
                81,
                84,
                87,
                88,
                91,
                92,
                95,
                96,
                99,
                100,
                103,
                104,
                105,
                106,
                107,
                110,
                111,
                114,
                117,
                118,
                121,
                124,
                140,
                186,
                187,
[...]
                        312,
                        313,
                        325,
                        326,
                        327,
                        328,
                        329,
                        330,
                        331,
                        343,
                        344,
                        345,
                        346,
                        347,
                        348,
                        349
                    ],
                    "excluded_lines": [],
                    "start_line": 15
                },
                "": {
                    "executed_lines": [],
                    "summary": {
                        "covered_lines": 0,
                        "num_statements": 21,
                        "percent_covered": 0.0,
                        "percent_covered_display": "0.00",
                        "missing_lines": 21,
                        "excluded_lines": 0,
                        "percent_statements_covered": 0.0,
                        "percent_statements_covered_display": "0.00"
                    },
                    "missing_lines": [
                        5,
                        6,
                        7,
                        8,
                        9,
                        10,
                        12,
                        15,
                        18,
                        36,
                        96,
                        114,
                        132,
                        150,
                        167,
                        196,
                        215,
                        247,
                        279,
                        315,
                        333
                    ],
                    "excluded_lines": [],
                    "start_line": 1
                }
            }
        },
        "web/backend/services/websocket_manager.py": {
            "executed_lines": [],
            "summary": {
                "covered_lines": 0,
                "num_statements": 81,
                "percent_covered": 0.0,
                "percent_covered_display": "0.00",
                "missing_lines": 81,
                "excluded_lines": 0,
                "percent_statements_covered": 0.0,
                "percent_statements_covered_display": "0.00"
            },
            "missing_lines": [
                5,
                6,
                7,
                8,
                10,
                13,
                16,
                23,
                24,
                25,
                31,
                33,
                41,
                46,
                48,
                55,
                57,
                58,
                61,
                62,
                63,
                64,
                65,
                67,
                68,
                70,
                78,
                79,
                80,
                82,
                83,
                84,
                85,
                86,
                87,
                89,
                97,
                98,
                100,
                101,
                102,
                103,
                104,
                105,
                107,
                115,
                116,
                118,
                119,
                121,
                122,
                123,
                124,
                126,
                134,
                135,
                136,
                137,
                139,
                140,
                141,
                143,
                152,
                153,
                154,
                156,
                157,
                158,
                159,
                161,
                169,
                170,
                172,
                173,
                174,
                176,
                178,
                180,
                182,
                184,
                186
            ],
            "excluded_lines": [],
            "functions": {
                "WebSocketManager.__init__": {
                    "executed_lines": [],
                    "summary": {
                        "covered_lines": 0,
                        "num_statements": 4,
                        "percent_covered": 0.0,
                        "percent_covered_display": "0.00",
                        "missing_lines": 4,
                        "excluded_lines": 0,
                        "percent_statements_covered": 0.0,
                        "percent_statements_covered_display": "0.00"
                    },
                    "missing_lines": [
                        23,
                        24,
                        25,
                        31
                    ],
                    "excluded_lines": [],
                    "start_line": 16
                },
                "WebSocketManager.register_connection": {
                    "executed_lines": [],
                    "summary": {
                        "covered_lines": 0,
                        "num_statements": 2,
                        "percent_covered": 0.0,
                        "percent_covered_display": "0.00",
                        "missing_lines": 2,
                        "excluded_lines": 0,
                        "percent_statements_covered": 0.0,
                        "percent_statements_covered_display": "0.00"
                    },
                    "missing_lines": [
                        41,
                        46
                    ],
                    "excluded_lines": [],
                    "start_line": 33
                },
                "WebSocketManager.unregister_connection": {
                    "executed_lines": [],
                    "summary": {
                        "covered_lines": 0,
                        "num_statements": 10,
                        "percent_covered": 0.0,
                        "percent_covered_display": "0.00",
                        "missing_lines": 10,
                        "excluded_lines": 0,
                        "percent_statements_covered": 0.0,
                        "percent_statements_covered_display": "0.00"
                    },
                    "missing_lines": [
                        55,
                        57,
                        58,
                        61,
                        62,
                        63,
                        64,
                        65,
                        67,
                        68
                    ],
                    "excluded_lines": [],
                    "start_line": 48
                },
                "WebSocketManager.subscribe": {
                    "executed_lines": [],
                    "summary": {
                        "covered_lines": 0,
                        "num_statements": 9,
                        "percent_covered": 0.0,
                        "percent_covered_display": "0.00",
                        "missing_lines": 9,
                        "excluded_lines": 0,
                        "percent_statements_covered": 0.0,
                        "percent_statements_covered_display": "0.00"
                    },
                    "missing_lines": [
                        78,
                        79,
                        80,
                        82,
                        83,
                        84,
                        85,
                        86,
                        87
                    ],
                    "excluded_lines": [],
                    "start_line": 70
                },
                "WebSocketManager.unsubscribe": {
                    "executed_lines": [],
                    "summary": {
                        "covered_lines": 0,
                        "num_statements": 8,
                        "percent_covered": 0.0,
                        "percent_covered_display": "0.00",
                        "missing_lines": 8,
                        "excluded_lines": 0,
                        "percent_statements_covered": 0.0,
                        "percent_statements_covered_display": "0.00"
                    },
                    "missing_lines": [
                        97,
                        98,
                        100,
                        101,
                        102,
                        103,
                        104,
                        105
                    ],
                    "excluded_lines": [],
                    "start_line": 89
                },
                "WebSocketManager.subscribe_issue_logs": {
                    "executed_lines": [],
                    "summary": {
                        "covered_lines": 0,
                        "num_statements": 8,
                        "percent_covered": 0.0,
                        "percent_covered_display": "0.00",
                        "missing_lines": 8,
                        "excluded_lines": 0,
                        "percent_statements_covered": 0.0,
                        "percent_statements_covered_display": "0.00"
                    },
                    "missing_lines": [
                        115,
                        116,
                        118,
                        119,
                        121,
                        122,
                        123,
                        124
                    ],
                    "excluded_lines": [],
                    "start_line": 107
                },
                "WebSocketManager.unsubscribe_issue_logs": {
                    "executed_lines": [],
                    "summary": {
                        "covered_lines": 0,
                        "num_statements": 7,
                        "percent_covered": 0.0,
                        "percent_covered_display": "0.00",
                        "missing_lines": 7,
                        "excluded_lines": 0,
                        "percent_statements_covered": 0.0,
                        "percent_statements_covered_display": "0.00"
                    },
                    "missing_lines": [
                        134,
                        135,
                        136,
                        137,
                        139,
                        140,
                        141
                    ],
                    "excluded_lines": [],
                    "start_line": 126
                },
                "WebSocketManager.broadcast": {
                    "executed_lines": [],
                    "summary": {
                        "covered_lines": 0,
                        "num_statements": 7,
                        "percent_covered": 0.0,
                        "percent_covered_display": "0.00",
                        "missing_lines": 7,
                        "excluded_lines": 0,
                        "percent_statements_covered": 0.0,
                        "percent_statements_covered_display": "0.00"
                    },
                    "missing_lines": [
                        152,
                        153,
                        154,
                        156,
                        157,
                        158,
                        159
                    ],
                    "excluded_lines": [],
                    "start_line": 143
                },
                "WebSocketManager.broadcast_issue_log": {
                    "executed_lines": [],
                    "summary": {
                        "covered_lines": 0,
                        "num_statements": 5,
                        "percent_covered": 0.0,
                        "percent_covered_display": "0.00",
                        "missing_lines": 5,
                        "excluded_lines": 0,
                        "percent_statements_covered": 0.0,
                        "percent_statements_covered_display": "0.00"
                    },
                    "missing_lines": [
                        169,
                        170,
                        172,
                        173,
                        174
                    ],
                    "excluded_lines": [],
                    "start_line": 161
                },
                "WebSocketManager.get_connection_count": {
                    "executed_lines": [],
                    "summary": {
                        "covered_lines": 0,
                        "num_statements": 1,
                        "percent_covered": 0.0,
                        "percent_covered_display": "0.00",
                        "missing_lines": 1,
                        "excluded_lines": 0,
                        "percent_statements_covered": 0.0,
                        "percent_statements_covered_display": "0.00"
                    },
                    "missing_lines": [
                        178
                    ],
                    "excluded_lines": [],
                    "start_line": 176
                },
                "WebSocketManager.get_channel_subscribers": {
                    "executed_lines": [],
                    "summary": {
                        "covered_lines": 0,
                        "num_statements": 1,
                        "percent_covered": 0.0,
                        "percent_covered_display": "0.00",
                        "missing_lines": 1,
                        "excluded_lines": 0,
                        "percent_statements_covered": 0.0,
                        "percent_statements_covered_display": "0.00"
                    },
                    "missing_lines": [
                        182
                    ],
                    "excluded_lines": [],
                    "start_line": 180
                },
                "WebSocketManager.get_stats": {
                    "executed_lines": [],
                    "summary": {
                        "covered_lines": 0,
                        "num_statements": 1,
                        "percent_covered": 0.0,
                        "percent_covered_display": "0.00",
                        "missing_lines": 1,
                        "excluded_lines": 0,
                        "percent_statements_covered": 0.0,
                        "percent_statements_covered_display": "0.00"
                    },
                    "missing_lines": [
                        186
                    ],
                    "excluded_lines": [],
                    "start_line": 184
                },
                "": {
                    "executed_lines": [],
                    "summary": {
                        "covered_lines": 0,
                        "num_statements": 18,
                        "percent_covered": 0.0,
                        "percent_covered_display": "0.00",
                        "missing_lines": 18,
                        "excluded_lines": 0,
                        "percent_statements_covered": 0.0,
                        "percent_statements_covered_display": "0.00"
                    },
                    "missing_lines": [
                        5,
                        6,
                        7,
                        8,
                        10,
                        13,
                        16,
                        33,
                        48,
                        70,
                        89,
                        107,
                        126,
                        143,
                        161,
                        176,
                        180,
                        184
                    ],
                    "excluded_lines": [],
                    "start_line": 1
                }
            },
            "classes": {
                "WebSocketManager": {
                    "executed_lines": [],
                    "summary": {
                        "covered_lines": 0,
                        "num_statements": 63,
                        "percent_covered": 0.0,
                        "percent_covered_display": "0.00",
                        "missing_lines": 63,
                        "excluded_lines": 0,
                        "percent_statements_covered": 0.0,
                        "percent_statements_covered_display": "0.00"
                    },
                    "missing_lines": [
                        23,
                        24,
                        25,
                        31,
                        41,
                        46,
                        55,
                        57,
                        58,
                        61,
                        62,
                        63,
                        64,
                        65,
                        67,
                        68,
                        78,
                        79,
                        80,
                        82,
                        83,
                        84,
                        85,
                        86,
                        87,
                        97,
                        98,
                        100,
                        101,
                        102,
                        103,
                        104,
                        105,
                        115,
                        116,
                        118,
                        119,
                        121,
                        122,
                        123,
                        124,
                        134,
                        135,
                        136,
                        137,
                        139,
                        140,
                        141,
                        152,
                        153,
                        154,
                        156,
                        157,
                        158,
                        159,
                        169,
                        170,
                        172,
                        173,
                        174,
                        178,
                        182,
                        186
                    ],
                    "excluded_lines": [],
                    "start_line": 13
                },
                "": {
                    "executed_lines": [],
                    "summary": {
                        "covered_lines": 0,
                        "num_statements": 18,
                        "percent_covered": 0.0,
                        "percent_covered_display": "0.00",
                        "missing_lines": 18,
                        "excluded_lines": 0,
                        "percent_statements_covered": 0.0,
                        "percent_statements_covered_display": "0.00"
                    },
                    "missing_lines": [
                        5,
                        6,
                        7,
                        8,
                        10,
                        13,
                        16,
                        33,
                        48,
                        70,
                        89,
                        107,
                        126,
                        143,
                        161,
                        176,
                        180,
                        184
                    ],
                    "excluded_lines": [],
                    "start_line": 1
                }
            }
        }
    },
    "totals": {
        "covered_lines": 1238,
        "num_statements": 5590,
        "percent_covered": 22.146690518783544,
        "percent_covered_display": "22.15",
        "missing_lines": 4352,
        "excluded_lines": 67,
        "percent_statements_covered": 22.146690518783544,
        "percent_statements_covered_display": "22.15"
    }
}