{
    "meta": {
        "format": 3,
        "version": "7.10.6",
        "timestamp": "2025-12-07T01:47:37.747400",
        "branch_coverage": false,
        "show_contexts": false
    },
    "files": {
        "scripts/godot-server.py": {
            "executed_lines": [],
            "summary": {
                "covered_lines": 0,
                "num_statements": 357,
                "percent_covered": 0.0,
                "percent_covered_display": "0.00",
                "missing_lines": 357,
                "excluded_lines": 2
            },
            "missing_lines": [
                30,
                31,
                32,
                33,
                34,
                35,
                36,
                37,
                38,
                39,
                40,
                41,
                42,
                43,
                44,
                46,
                47,
                48,
                49,
                50,
                51,
                52,
                56,
                59,
                60,
                61,
                64,
                67,
                70,
                73,
                76,
                77,
                78,
                79,
                80,
                81,
                84,
                87,
                88,
                89,
                92,
                93,
                96,
                97,
                98,
                99,
                100,
                101,
                102,
                103,
                104,
                107,
                108,
                109,
                110,
                113,
                114,
                115,
                116,
                117,
                118,
                121,
                122,
                125,
                126,
                129,
                130,
                131,
                132,
                133,
                136,
                139,
                140,
                141,
                142,
                143,
                145,
                147,
                148,
                149,
                150,
                152,
                153,
                154,
                155,
                156,
                157,
                158,
                159,
                161,
                163,
                164,
                165,
                166,
                167,
                168,
                169,
                171,
                173,
                174,
                176,
                178,
                179,
                181,
                183,
                184,
                185,
                186,
                188,
                189,
                190,
                191,
                194,
                196,
                198,
                199,
                200,
                202,
                203,
                204,
                205,
                207,
                209,
                210,
                212,
                214,
                215,
                216,
                221,
                222,
                223,
                226,
                229,
                230,
                231,
                232,
                234,
                236,
                238,
                239,
                242,
                243,
                244,
                245,
                246,
                249,
                250,
                253,
                255,
                256,
                257,
                258,
                259,
                262,
                263,
                265,
                273,
                276,
                277,
                278,
                281,
                283,
                284,
                286,
                291,
                292,
                293,
                294,
                295,
                297,
                298,
                299,
                300,
                301,
                303,
                305,
                308,
                309,
                320,
                321,
                323,
                326,
                327,
                328,
                330,
                331,
                341,
                342,
                345,
                347,
                349,
                352,
                353,
                354,
                355,
                358,
                360,
                362,
                364,
                365,
                366,
                367,
                369,
                370,
                371,
                374,
                375,
                376,
                377,
                380,
                382,
                384,
                385,
                386,
                388,
                391,
                393,
                395,
                396,
                397,
                398,
                399,
                401,
                403,
                405,
                408,
                414,
                415,
                416,
                417,
                418,
                419,
                420,
                421,
                422,
                423,
                424,
                426,
                427,
                430,
                431,
                433,
                437,
                438,
                439,
                440,
                443,
                447,
                449,
                450,
                452,
                454,
                456,
                459,
                461,
                464,
                465,
                466,
                468,
                469,
                470,
                472,
                473,
                474,
                480,
                481,
                483,
                484,
                487,
                488,
                491,
                504,
                505,
                508,
                509,
                511,
                523,
                524,
                525,
                528,
                529,
                531,
                533,
                534,
                536,
                542,
                543,
                545,
                546,
                547,
                548,
                549,
                550,
                552,
                553,
                564,
                565,
                566,
                568,
                569,
                571,
                572,
                574,
                577,
                578,
                580,
                582,
                583,
                585,
                586,
                588,
                603,
                604,
                606,
                607,
                611,
                614,
                615,
                617,
                620,
                621,
                622,
                623,
                624,
                625,
                626,
                628,
                640,
                641,
                643,
                644,
                645,
                646,
                652,
                653,
                655,
                656,
                657,
                658,
                660,
                661,
                671,
                674,
                676,
                680,
                681,
                682,
                683,
                688,
                690,
                693,
                694,
                697,
                698,
                701,
                702,
                704
            ],
            "excluded_lines": [
                707,
                708
            ],
            "functions": {
                "JobQueue.__init__": {
                    "executed_lines": [],
                    "summary": {
                        "covered_lines": 0,
                        "num_statements": 4,
                        "percent_covered": 0.0,
                        "percent_covered_display": "0.00",
                        "missing_lines": 4,
                        "excluded_lines": 0
                    },
                    "missing_lines": [
                        140,
                        141,
                        142,
                        143
                    ],
                    "excluded_lines": []
                },
                "JobQueue.submit": {
                    "executed_lines": [],
                    "summary": {
                        "covered_lines": 0,
                        "num_statements": 12,
                        "percent_covered": 0.0,
                        "percent_covered_display": "0.00",
                        "missing_lines": 12,
                        "excluded_lines": 0
                    },
                    "missing_lines": [
                        147,
                        148,
                        149,
                        150,
                        152,
                        153,
                        154,
                        155,
                        156,
                        157,
                        158,
                        159
                    ],
                    "excluded_lines": []
                },
                "JobQueue.get_next": {
                    "executed_lines": [],
                    "summary": {
                        "covered_lines": 0,
                        "num_statements": 7,
                        "percent_covered": 0.0,
                        "percent_covered_display": "0.00",
                        "missing_lines": 7,
                        "excluded_lines": 0
                    },
                    "missing_lines": [
                        163,
                        164,
                        165,
                        166,
                        167,
                        168,
                        169
                    ],
                    "excluded_lines": []
                },
                "JobQueue.get_job": {
                    "executed_lines": [],
                    "summary": {
                        "covered_lines": 0,
                        "num_statements": 2,
                        "percent_covered": 0.0,
                        "percent_covered_display": "0.00",
                        "missing_lines": 2,
                        "excluded_lines": 0
                    },
                    "missing_lines": [
                        173,
                        174
                    ],
                    "excluded_lines": []
                },
                "JobQueue.update_job": {
                    "executed_lines": [],
                    "summary": {
                        "covered_lines": 0,
                        "num_statements": 2,
                        "percent_covered": 0.0,
                        "percent_covered_display": "0.00",
                        "missing_lines": 2,
                        "excluded_lines": 0
                    },
                    "missing_lines": [
                        178,
                        179
                    ],
                    "excluded_lines": []
                },
                "JobQueue.cancel_job": {
                    "executed_lines": [],
                    "summary": {
                        "covered_lines": 0,
                        "num_statements": 9,
                        "percent_covered": 0.0,
                        "percent_covered_display": "0.00",
                        "missing_lines": 9,
                        "excluded_lines": 0
                    },
                    "missing_lines": [
                        183,
                        184,
                        185,
                        186,
                        188,
                        189,
                        190,
                        191,
                        194
                    ],
                    "excluded_lines": []
                },
                "JobQueue.get_queue_position": {
                    "executed_lines": [],
                    "summary": {
                        "covered_lines": 0,
                        "num_statements": 7,
                        "percent_covered": 0.0,
                        "percent_covered_display": "0.00",
                        "missing_lines": 7,
                        "excluded_lines": 0
                    },
                    "missing_lines": [
                        198,
                        199,
                        200,
                        202,
                        203,
                        204,
                        205
                    ],
                    "excluded_lines": []
                },
                "JobQueue.get_queue_depth": {
                    "executed_lines": [],
                    "summary": {
                        "covered_lines": 0,
                        "num_statements": 2,
                        "percent_covered": 0.0,
                        "percent_covered_display": "0.00",
                        "missing_lines": 2,
                        "excluded_lines": 0
                    },
                    "missing_lines": [
                        209,
                        210
                    ],
                    "excluded_lines": []
                },
                "JobQueue.cleanup_old_jobs": {
                    "executed_lines": [],
                    "summary": {
                        "covered_lines": 0,
                        "num_statements": 6,
                        "percent_covered": 0.0,
                        "percent_covered_display": "0.00",
                        "missing_lines": 6,
                        "excluded_lines": 0
                    },
                    "missing_lines": [
                        214,
                        215,
                        216,
                        221,
                        222,
                        223
                    ],
                    "excluded_lines": []
                },
                "TestExecutor.__init__": {
                    "executed_lines": [],
                    "summary": {
                        "covered_lines": 0,
                        "num_statements": 3,
                        "percent_covered": 0.0,
                        "percent_covered_display": "0.00",
                        "missing_lines": 3,
                        "excluded_lines": 0
                    },
                    "missing_lines": [
                        230,
                        231,
                        232
                    ],
                    "excluded_lines": []
                },
                "TestExecutor.execute": {
                    "executed_lines": [],
                    "summary": {
                        "covered_lines": 0,
                        "num_statements": 38,
                        "percent_covered": 0.0,
                        "percent_covered_display": "0.00",
                        "missing_lines": 38,
                        "excluded_lines": 0
                    },
                    "missing_lines": [
                        236,
                        238,
                        239,
                        242,
                        243,
                        244,
                        245,
                        246,
                        249,
                        250,
                        253,
                        255,
                        256,
                        257,
                        258,
                        259,
                        262,
                        263,
                        265,
                        273,
                        276,
                        277,
                        278,
                        281,
                        283,
                        284,
                        286,
                        291,
                        292,
                        293,
                        294,
                        295,
                        297,
                        298,
                        299,
                        300,
                        301,
                        303
                    ],
                    "excluded_lines": []
                },
                "TestExecutor._build_command": {
                    "executed_lines": [],
                    "summary": {
                        "covered_lines": 0,
                        "num_statements": 14,
                        "percent_covered": 0.0,
                        "percent_covered_display": "0.00",
                        "missing_lines": 14,
                        "excluded_lines": 0
                    },
                    "missing_lines": [
                        308,
                        309,
                        320,
                        321,
                        323,
                        326,
                        327,
                        328,
                        330,
                        331,
                        341,
                        342,
                        345,
                        347
                    ],
                    "excluded_lines": []
                },
                "TestExecutor._parse_results": {
                    "executed_lines": [],
                    "summary": {
                        "covered_lines": 0,
                        "num_statements": 5,
                        "percent_covered": 0.0,
                        "percent_covered_display": "0.00",
                        "missing_lines": 5,
                        "excluded_lines": 0
                    },
                    "missing_lines": [
                        352,
                        353,
                        354,
                        355,
                        358
                    ],
                    "excluded_lines": []
                },
                "TestExecutor._parse_gdunit4": {
                    "executed_lines": [],
                    "summary": {
                        "covered_lines": 0,
                        "num_statements": 17,
                        "percent_covered": 0.0,
                        "percent_covered_display": "0.00",
                        "missing_lines": 17,
                        "excluded_lines": 0
                    },
                    "missing_lines": [
                        362,
                        364,
                        365,
                        366,
                        367,
                        369,
                        370,
                        371,
                        374,
                        375,
                        376,
                        377,
                        380,
                        382,
                        384,
                        385,
                        386
                    ],
                    "excluded_lines": []
                },
                "TestExecutor._parse_gut": {
                    "executed_lines": [],
                    "summary": {
                        "covered_lines": 0,
                        "num_statements": 8,
                        "percent_covered": 0.0,
                        "percent_covered_display": "0.00",
                        "missing_lines": 8,
                        "excluded_lines": 0
                    },
                    "missing_lines": [
                        391,
                        393,
                        395,
                        396,
                        397,
                        398,
                        399,
                        401
                    ],
                    "excluded_lines": []
                },
                "TestExecutor._parse_generic": {
                    "executed_lines": [],
                    "summary": {
                        "covered_lines": 0,
                        "num_statements": 18,
                        "percent_covered": 0.0,
                        "percent_covered_display": "0.00",
                        "missing_lines": 18,
                        "excluded_lines": 0
                    },
                    "missing_lines": [
                        405,
                        408,
                        414,
                        415,
                        416,
                        417,
                        418,
                        419,
                        420,
                        421,
                        422,
                        423,
                        424,
                        426,
                        427,
                        430,
                        431,
                        433
                    ],
                    "excluded_lines": []
                },
                "worker_thread": {
                    "executed_lines": [],
                    "summary": {
                        "covered_lines": 0,
                        "num_statements": 17,
                        "percent_covered": 0.0,
                        "percent_covered_display": "0.00",
                        "missing_lines": 17,
                        "excluded_lines": 0
                    },
                    "missing_lines": [
                        447,
                        449,
                        450,
                        452,
                        454,
                        456,
                        459,
                        461,
                        464,
                        465,
                        466,
                        468,
                        469,
                        470,
                        472,
                        473,
                        474
                    ],
                    "excluded_lines": []
                },
                "submit_test": {
                    "executed_lines": [],
                    "summary": {
                        "covered_lines": 0,
                        "num_statements": 13,
                        "percent_covered": 0.0,
                        "percent_covered_display": "0.00",
                        "missing_lines": 13,
                        "excluded_lines": 0
                    },
                    "missing_lines": [
                        483,
                        484,
                        487,
                        488,
                        491,
                        504,
                        505,
                        508,
                        509,
                        511,
                        523,
                        524,
                        525
                    ],
                    "excluded_lines": []
                },
                "get_status": {
                    "executed_lines": [],
                    "summary": {
                        "covered_lines": 0,
                        "num_statements": 22,
                        "percent_covered": 0.0,
                        "percent_covered_display": "0.00",
                        "missing_lines": 22,
                        "excluded_lines": 0
                    },
                    "missing_lines": [
                        531,
                        533,
                        534,
                        536,
                        542,
                        543,
                        545,
                        546,
                        547,
                        548,
                        549,
                        550,
                        552,
                        553,
                        564,
                        565,
                        566,
                        568,
                        569,
                        571,
                        572,
                        574
                    ],
                    "excluded_lines": []
                },
                "get_results": {
                    "executed_lines": [],
                    "summary": {
                        "covered_lines": 0,
                        "num_statements": 6,
                        "percent_covered": 0.0,
                        "percent_covered_display": "0.00",
                        "missing_lines": 6,
                        "excluded_lines": 0
                    },
                    "missing_lines": [
                        580,
                        582,
                        583,
                        585,
                        586,
                        588
                    ],
                    "excluded_lines": []
                },
                "cancel_test": {
                    "executed_lines": [],
                    "summary": {
                        "covered_lines": 0,
                        "num_statements": 3,
                        "percent_covered": 0.0,
                        "percent_covered_display": "0.00",
                        "missing_lines": 3,
                        "excluded_lines": 0
                    },
                    "missing_lines": [
                        606,
                        607,
                        611
                    ],
                    "excluded_lines": []
                },
                "health": {
                    "executed_lines": [],
                    "summary": {
                        "covered_lines": 0,
                        "num_statements": 9,
                        "percent_covered": 0.0,
                        "percent_covered_display": "0.00",
                        "missing_lines": 9,
                        "excluded_lines": 0
                    },
                    "missing_lines": [
                        617,
                        620,
                        621,
                        622,
                        623,
                        624,
                        625,
                        626,
                        628
                    ],
                    "excluded_lines": []
                },
                "view_queue": {
                    "executed_lines": [],
                    "summary": {
                        "covered_lines": 0,
                        "num_statements": 13,
                        "percent_covered": 0.0,
                        "percent_covered_display": "0.00",
                        "missing_lines": 13,
                        "excluded_lines": 0
                    },
                    "missing_lines": [
                        643,
                        644,
                        645,
                        646,
                        652,
                        653,
                        655,
                        656,
                        657,
                        658,
                        660,
                        661,
                        671
                    ],
                    "excluded_lines": []
                },
                "main": {
                    "executed_lines": [],
                    "summary": {
                        "covered_lines": 0,
                        "num_statements": 14,
                        "percent_covered": 0.0,
                        "percent_covered_display": "0.00",
                        "missing_lines": 14,
                        "excluded_lines": 0
                    },
                    "missing_lines": [
                        676,
                        680,
                        681,
                        682,
                        683,
                        688,
                        690,
                        693,
                        694,
                        697,
                        698,
                        701,
                        702,
                        704
                    ],
                    "excluded_lines": []
                },
                "": {
                    "executed_lines": [],
                    "summary": {
                        "covered_lines": 0,
                        "num_statements": 106,
                        "percent_covered": 0.0,
                        "percent_covered_display": "0.00",
                        "missing_lines": 106,
                        "excluded_lines": 2
                    },
                    "missing_lines": [
                        30,
                        31,
                        32,
                        33,
                        34,
                        35,
                        36,
                        37,
                        38,
                        39,
                        40,
                        41,
                        42,
                        43,
                        44,
                        46,
                        47,
                        48,
                        49,
                        50,
                        51,
                        52,
                        56,
                        59,
                        60,
                        61,
                        64,
                        67,
                        70,
                        73,
                        76,
                        77,
                        78,
                        79,
                        80,
                        81,
                        84,
                        87,
                        88,
                        89,
                        92,
                        93,
                        96,
                        97,
                        98,
                        99,
                        100,
                        101,
                        102,
                        103,
                        104,
                        107,
                        108,
                        109,
                        110,
                        113,
                        114,
                        115,
                        116,
                        117,
                        118,
                        121,
                        122,
                        125,
                        126,
                        129,
                        130,
                        131,
                        132,
                        133,
                        136,
                        139,
                        145,
                        161,
                        171,
                        176,
                        181,
                        196,
                        207,
                        212,
                        226,
                        229,
                        234,
                        305,
                        349,
                        360,
                        388,
                        403,
                        437,
                        438,
                        439,
                        440,
                        443,
                        480,
                        481,
                        528,
                        529,
                        577,
                        578,
                        603,
                        604,
                        614,
                        615,
                        640,
                        641,
                        674
                    ],
                    "excluded_lines": [
                        707,
                        708
                    ]
                }
            },
            "classes": {
                "JobStatus": {
                    "executed_lines": [],
                    "summary": {
                        "covered_lines": 0,
                        "num_statements": 0,
                        "percent_covered": 100.0,
                        "percent_covered_display": "100.00",
                        "missing_lines": 0,
                        "excluded_lines": 0
                    },
                    "missing_lines": [],
                    "excluded_lines": []
                },
                "Priority": {
                    "executed_lines": [],
                    "summary": {
                        "covered_lines": 0,
                        "num_statements": 0,
                        "percent_covered": 100.0,
                        "percent_covered_display": "100.00",
                        "missing_lines": 0,
                        "excluded_lines": 0
                    },
                    "missing_lines": [],
                    "excluded_lines": []
                },
                "TestJob": {
                    "executed_lines": [],
                    "summary": {
                        "covered_lines": 0,
                        "num_statements": 0,
                        "percent_covered": 100.0,
                        "percent_covered_display": "100.00",
                        "missing_lines": 0,
                        "excluded_lines": 0
                    },
                    "missing_lines": [],
                    "excluded_lines": []
                },
                "TestSummary": {
                    "executed_lines": [],
                    "summary": {
                        "covered_lines": 0,
                        "num_statements": 0,
                        "percent_covered": 100.0,
                        "percent_covered_display": "100.00",
                        "missing_lines": 0,
                        "excluded_lines": 0
                    },
                    "missing_lines": [],
                    "excluded_lines": []
                },
                "JobQueue": {
                    "executed_lines": [],
                    "summary": {
                        "covered_lines": 0,
                        "num_statements": 51,
                        "percent_covered": 0.0,
                        "percent_covered_display": "0.00",
                        "missing_lines": 51,
                        "excluded_lines": 0
                    },
                    "missing_lines": [
                        140,
                        141,
                        142,
                        143,
                        147,
                        148,
                        149,
                        150,
                        152,
                        153,
                        154,
                        155,
                        156,
                        157,
                        158,
                        159,
                        163,
                        164,
                        165,
                        166,
                        167,
                        168,
                        169,
                        173,
                        174,
                        178,
                        179,
                        183,
                        184,
                        185,
                        186,
                        188,
                        189,
                        190,
                        191,
                        194,
                        198,
                        199,
                        200,
                        202,
                        203,
                        204,
                        205,
                        209,
                        210,
                        214,
                        215,
                        216,
                        221,
                        222,
                        223
                    ],
                    "excluded_lines": []
                },
                "TestExecutor": {
                    "executed_lines": [],
                    "summary": {
                        "covered_lines": 0,
                        "num_statements": 103,
                        "percent_covered": 0.0,
                        "percent_covered_display": "0.00",
                        "missing_lines": 103,
                        "excluded_lines": 0
                    },
                    "missing_lines": [
                        230,
                        231,
                        232,
                        236,
                        238,
                        239,
                        242,
                        243,
                        244,
                        245,
                        246,
                        249,
                        250,
                        253,
                        255,
                        256,
                        257,
                        258,
                        259,
                        262,
                        263,
                        265,
                        273,
                        276,
                        277,
                        278,
                        281,
                        283,
                        284,
                        286,
                        291,
                        292,
                        293,
                        294,
                        295,
                        297,
                        298,
                        299,
                        300,
                        301,
                        303,
                        308,
                        309,
                        320,
                        321,
                        323,
                        326,
                        327,
                        328,
                        330,
                        331,
                        341,
                        342,
                        345,
                        347,
                        352,
                        353,
                        354,
                        355,
                        358,
                        362,
                        364,
                        365,
                        366,
                        367,
                        369,
                        370,
                        371,
                        374,
                        375,
                        376,
                        377,
                        380,
                        382,
                        384,
                        385,
                        386,
                        391,
                        393,
                        395,
                        396,
                        397,
                        398,
                        399,
                        401,
                        405,
                        408,
                        414,
                        415,
                        416,
                        417,
                        418,
                        419,
                        420,
                        421,
                        422,
                        423,
                        424,
                        426,
                        427,
                        430,
                        431,
                        433
                    ],
                    "excluded_lines": []
                },
                "": {
                    "executed_lines": [],
                    "summary": {
                        "covered_lines": 0,
                        "num_statements": 203,
                        "percent_covered": 0.0,
                        "percent_covered_display": "0.00",
                        "missing_lines": 203,
                        "excluded_lines": 2
                    },
                    "missing_lines": [
                        30,
                        31,
                        32,
                        33,
                        34,
                        35,
                        36,
                        37,
                        38,
                        39,
                        40,
                        41,
                        42,
                        43,
                        44,
                        46,
                        47,
                        48,
                        49,
                        50,
                        51,
                        52,
                        56,
                        59,
                        60,
                        61,
                        64,
                        67,
                        70,
                        73,
                        76,
                        77,
                        78,
                        79,
                        80,
                        81,
                        84,
                        87,
                        88,
                        89,
                        92,
                        93,
                        96,
                        97,
                        98,
                        99,
                        100,
                        101,
                        102,
                        103,
                        104,
                        107,
                        108,
                        109,
                        110,
                        113,
                        114,
                        115,
                        116,
                        117,
                        118,
                        121,
                        122,
                        125,
                        126,
                        129,
                        130,
                        131,
                        132,
                        133,
                        136,
                        139,
                        145,
                        161,
                        171,
                        176,
                        181,
                        196,
                        207,
                        212,
                        226,
                        229,
                        234,
                        305,
                        349,
                        360,
                        388,
                        403,
                        437,
                        438,
                        439,
                        440,
                        443,
                        447,
                        449,
                        450,
                        452,
                        454,
                        456,
                        459,
                        461,
                        464,
                        465,
                        466,
                        468,
                        469,
                        470,
                        472,
                        473,
                        474,
                        480,
                        481,
                        483,
                        484,
                        487,
                        488,
                        491,
                        504,
                        505,
                        508,
                        509,
                        511,
                        523,
                        524,
                        525,
                        528,
                        529,
                        531,
                        533,
                        534,
                        536,
                        542,
                        543,
                        545,
                        546,
                        547,
                        548,
                        549,
                        550,
                        552,
                        553,
                        564,
                        565,
                        566,
                        568,
                        569,
                        571,
                        572,
                        574,
                        577,
                        578,
                        580,
                        582,
                        583,
                        585,
                        586,
                        588,
                        603,
                        604,
                        606,
                        607,
                        611,
                        614,
                        615,
                        617,
                        620,
                        621,
                        622,
                        623,
                        624,
                        625,
                        626,
                        628,
                        640,
                        641,
                        643,
                        644,
                        645,
                        646,
                        652,
                        653,
                        655,
                        656,
                        657,
                        658,
                        660,
                        661,
                        671,
                        674,
                        676,
                        680,
                        681,
                        682,
                        683,
                        688,
                        690,
                        693,
                        694,
                        697,
                        698,
                        701,
                        702,
                        704
                    ],
                    "excluded_lines": [
                        707,
                        708
                    ]
                }
            }
        },
        "scripts/issue-watcher.py": {
            "executed_lines": [],
            "summary": {
                "covered_lines": 0,
                "num_statements": 333,
                "percent_covered": 0.0,
                "percent_covered_display": "0.00",
                "missing_lines": 333,
                "excluded_lines": 2
            },
            "missing_lines": [
                8,
                9,
                10,
                11,
                12,
                13,
                14,
                15,
                18,
                23,
                26,
                29,
                31,
                32,
                35,
                36,
                37,
                38,
                41,
                42,
                45,
                47,
                48,
                50,
                52,
                55,
                56,
                58,
                59,
                61,
                63,
                64,
                65,
                68,
                69,
                71,
                72,
                73,
                74,
                75,
                76,
                77,
                78,
                80,
                82,
                83,
                84,
                85,
                86,
                88,
                89,
                90,
                91,
                92,
                93,
                94,
                95,
                97,
                100,
                101,
                102,
                104,
                105,
                109,
                111,
                112,
                114,
                115,
                117,
                118,
                120,
                131,
                133,
                136,
                138,
                140,
                141,
                143,
                144,
                146,
                147,
                148,
                149,
                150,
                151,
                152,
                154,
                155,
                156,
                158,
                159,
                161,
                162,
                163,
                174,
                176,
                178,
                181,
                182,
                183,
                184,
                185,
                188,
                191,
                194,
                197,
                219,
                221,
                222,
                223,
                225,
                227,
                229,
                230,
                233,
                234,
                235,
                237,
                238,
                257,
                260,
                261,
                263,
                265,
                267,
                268,
                269,
                270,
                271,
                272,
                273,
                277,
                279,
                281,
                282,
                283,
                284,
                286,
                288,
                303,
                304,
                309,
                324,
                325,
                329,
                331,
                332,
                333,
                334,
                336,
                338,
                339,
                340,
                343,
                345,
                348,
                349,
                352,
                353,
                354,
                356,
                357,
                362,
                365,
                367,
                368,
                371,
                374,
                377,
                379,
                380,
                381,
                383,
                385,
                386,
                387,
                389,
                391,
                393,
                394,
                395,
                397,
                398,
                399,
                400,
                402,
                404,
                405,
                406,
                408,
                410,
                413,
                414,
                415,
                417,
                419,
                420,
                421,
                424,
                433,
                434,
                435,
                438,
                440,
                441,
                442,
                443,
                444,
                445,
                448,
                449,
                452,
                466,
                467,
                468,
                469,
                470,
                471,
                474,
                475,
                476,
                477,
                479,
                480,
                481,
                483,
                485,
                487,
                488,
                490,
                491,
                492,
                493,
                494,
                495,
                496,
                497,
                498,
                500,
                502,
                503,
                505,
                506,
                507,
                508,
                509,
                511,
                513,
                516,
                517,
                518,
                520,
                521,
                522,
                525,
                526,
                528,
                529,
                530,
                533,
                534,
                535,
                537,
                539,
                540,
                541,
                542,
                543,
                544,
                546,
                547,
                548,
                551,
                552,
                554,
                557,
                558,
                559,
                560,
                561,
                563,
                564,
                567,
                570,
                571,
                576,
                579,
                582,
                585,
                586,
                587,
                589,
                593,
                594,
                600,
                601,
                606,
                608,
                609,
                610,
                611,
                612,
                613,
                614,
                617,
                620,
                623,
                624,
                626,
                627,
                628,
                629,
                630,
                631,
                632,
                633,
                634,
                635,
                636,
                637,
                638,
                639,
                640,
                641,
                642,
                643,
                646,
                647,
                648,
                649,
                650,
                653,
                654
            ],
            "excluded_lines": [
                657,
                658
            ],
            "functions": {
                "ProjectWatcher.__init__": {
                    "executed_lines": [],
                    "summary": {
                        "covered_lines": 0,
                        "num_statements": 11,
                        "percent_covered": 0.0,
                        "percent_covered_display": "0.00",
                        "missing_lines": 11,
                        "excluded_lines": 0
                    },
                    "missing_lines": [
                        31,
                        32,
                        35,
                        36,
                        37,
                        38,
                        41,
                        42,
                        45,
                        47,
                        48
                    ],
                    "excluded_lines": []
                },
                "ProjectWatcher.load_token": {
                    "executed_lines": [],
                    "summary": {
                        "covered_lines": 0,
                        "num_statements": 19,
                        "percent_covered": 0.0,
                        "percent_covered_display": "0.00",
                        "missing_lines": 19,
                        "excluded_lines": 0
                    },
                    "missing_lines": [
                        52,
                        55,
                        56,
                        58,
                        59,
                        61,
                        63,
                        64,
                        65,
                        68,
                        69,
                        71,
                        72,
                        73,
                        74,
                        75,
                        76,
                        77,
                        78
                    ],
                    "excluded_lines": []
                },
                "ProjectWatcher.fetch_ready_issues": {
                    "executed_lines": [],
                    "summary": {
                        "covered_lines": 0,
                        "num_statements": 13,
                        "percent_covered": 0.0,
                        "percent_covered_display": "0.00",
                        "missing_lines": 13,
                        "excluded_lines": 0
                    },
                    "missing_lines": [
                        82,
                        83,
                        84,
                        85,
                        86,
                        88,
                        89,
                        90,
                        91,
                        92,
                        93,
                        94,
                        95
                    ],
                    "excluded_lines": []
                },
                "ProjectWatcher.fetch_github_issues": {
                    "executed_lines": [],
                    "summary": {
                        "covered_lines": 0,
                        "num_statements": 14,
                        "percent_covered": 0.0,
                        "percent_covered_display": "0.00",
                        "missing_lines": 14,
                        "excluded_lines": 0
                    },
                    "missing_lines": [
                        100,
                        101,
                        102,
                        104,
                        105,
                        109,
                        111,
                        112,
                        114,
                        115,
                        117,
                        118,
                        120,
                        131
                    ],
                    "excluded_lines": []
                },
                "ProjectWatcher.fetch_gitlab_issues": {
                    "executed_lines": [],
                    "summary": {
                        "covered_lines": 0,
                        "num_statements": 22,
                        "percent_covered": 0.0,
                        "percent_covered_display": "0.00",
                        "missing_lines": 22,
                        "excluded_lines": 0
                    },
                    "missing_lines": [
                        136,
                        138,
                        140,
                        141,
                        143,
                        144,
                        146,
                        147,
                        148,
                        149,
                        150,
                        151,
                        152,
                        154,
                        155,
                        156,
                        158,
                        159,
                        161,
                        162,
                        163,
                        174
                    ],
                    "excluded_lines": []
                },
                "ProjectWatcher.parse_issue": {
                    "executed_lines": [],
                    "summary": {
                        "covered_lines": 0,
                        "num_statements": 10,
                        "percent_covered": 0.0,
                        "percent_covered_display": "0.00",
                        "missing_lines": 10,
                        "excluded_lines": 0
                    },
                    "missing_lines": [
                        178,
                        181,
                        182,
                        183,
                        184,
                        185,
                        188,
                        191,
                        194,
                        197
                    ],
                    "excluded_lines": []
                },
                "ProjectWatcher.parse_markdown_sections": {
                    "executed_lines": [],
                    "summary": {
                        "covered_lines": 0,
                        "num_statements": 16,
                        "percent_covered": 0.0,
                        "percent_covered_display": "0.00",
                        "missing_lines": 16,
                        "excluded_lines": 0
                    },
                    "missing_lines": [
                        221,
                        222,
                        223,
                        225,
                        227,
                        229,
                        230,
                        233,
                        234,
                        235,
                        237,
                        238,
                        257,
                        260,
                        261,
                        263
                    ],
                    "excluded_lines": []
                },
                "ProjectWatcher.update_issue_labels": {
                    "executed_lines": [],
                    "summary": {
                        "covered_lines": 0,
                        "num_statements": 7,
                        "percent_covered": 0.0,
                        "percent_covered_display": "0.00",
                        "missing_lines": 7,
                        "excluded_lines": 0
                    },
                    "missing_lines": [
                        267,
                        268,
                        269,
                        270,
                        271,
                        272,
                        273
                    ],
                    "excluded_lines": []
                },
                "ProjectWatcher.update_github_labels": {
                    "executed_lines": [],
                    "summary": {
                        "covered_lines": 0,
                        "num_statements": 17,
                        "percent_covered": 0.0,
                        "percent_covered_display": "0.00",
                        "missing_lines": 17,
                        "excluded_lines": 0
                    },
                    "missing_lines": [
                        279,
                        281,
                        282,
                        283,
                        284,
                        286,
                        288,
                        303,
                        304,
                        309,
                        324,
                        325,
                        329,
                        331,
                        332,
                        333,
                        334
                    ],
                    "excluded_lines": []
                },
                "ProjectWatcher.update_gitlab_labels": {
                    "executed_lines": [],
                    "summary": {
                        "covered_lines": 0,
                        "num_statements": 12,
                        "percent_covered": 0.0,
                        "percent_covered_display": "0.00",
                        "missing_lines": 12,
                        "excluded_lines": 0
                    },
                    "missing_lines": [
                        338,
                        339,
                        340,
                        343,
                        345,
                        348,
                        349,
                        352,
                        353,
                        354,
                        356,
                        357
                    ],
                    "excluded_lines": []
                },
                "IssueWatcher.__init__": {
                    "executed_lines": [],
                    "summary": {
                        "covered_lines": 0,
                        "num_statements": 8,
                        "percent_covered": 0.0,
                        "percent_covered_display": "0.00",
                        "missing_lines": 8,
                        "excluded_lines": 0
                    },
                    "missing_lines": [
                        367,
                        368,
                        371,
                        374,
                        377,
                        379,
                        380,
                        381
                    ],
                    "excluded_lines": []
                },
                "IssueWatcher.load_config": {
                    "executed_lines": [],
                    "summary": {
                        "covered_lines": 0,
                        "num_statements": 16,
                        "percent_covered": 0.0,
                        "percent_covered_display": "0.00",
                        "missing_lines": 16,
                        "excluded_lines": 0
                    },
                    "missing_lines": [
                        385,
                        386,
                        387,
                        389,
                        391,
                        393,
                        394,
                        395,
                        397,
                        398,
                        399,
                        400,
                        402,
                        404,
                        405,
                        406
                    ],
                    "excluded_lines": []
                },
                "IssueWatcher.load_projects": {
                    "executed_lines": [],
                    "summary": {
                        "covered_lines": 0,
                        "num_statements": 36,
                        "percent_covered": 0.0,
                        "percent_covered_display": "0.00",
                        "missing_lines": 36,
                        "excluded_lines": 0
                    },
                    "missing_lines": [
                        410,
                        413,
                        414,
                        415,
                        417,
                        419,
                        420,
                        421,
                        424,
                        433,
                        434,
                        435,
                        438,
                        440,
                        441,
                        442,
                        443,
                        444,
                        445,
                        448,
                        449,
                        452,
                        466,
                        467,
                        468,
                        469,
                        470,
                        471,
                        474,
                        475,
                        476,
                        477,
                        479,
                        480,
                        481,
                        483
                    ],
                    "excluded_lines": []
                },
                "IssueWatcher.load_processed_issues": {
                    "executed_lines": [],
                    "summary": {
                        "covered_lines": 0,
                        "num_statements": 11,
                        "percent_covered": 0.0,
                        "percent_covered_display": "0.00",
                        "missing_lines": 11,
                        "excluded_lines": 0
                    },
                    "missing_lines": [
                        487,
                        488,
                        490,
                        491,
                        492,
                        493,
                        494,
                        495,
                        496,
                        497,
                        498
                    ],
                    "excluded_lines": []
                },
                "IssueWatcher.save_processed_issues": {
                    "executed_lines": [],
                    "summary": {
                        "covered_lines": 0,
                        "num_statements": 7,
                        "percent_covered": 0.0,
                        "percent_covered_display": "0.00",
                        "missing_lines": 7,
                        "excluded_lines": 0
                    },
                    "missing_lines": [
                        502,
                        503,
                        505,
                        506,
                        507,
                        508,
                        509
                    ],
                    "excluded_lines": []
                },
                "IssueWatcher.queue_task": {
                    "executed_lines": [],
                    "summary": {
                        "covered_lines": 0,
                        "num_statements": 15,
                        "percent_covered": 0.0,
                        "percent_covered_display": "0.00",
                        "missing_lines": 15,
                        "excluded_lines": 0
                    },
                    "missing_lines": [
                        513,
                        516,
                        517,
                        518,
                        520,
                        521,
                        522,
                        525,
                        526,
                        528,
                        529,
                        530,
                        533,
                        534,
                        535
                    ],
                    "excluded_lines": []
                },
                "IssueWatcher.run": {
                    "executed_lines": [],
                    "summary": {
                        "covered_lines": 0,
                        "num_statements": 41,
                        "percent_covered": 0.0,
                        "percent_covered_display": "0.00",
                        "missing_lines": 41,
                        "excluded_lines": 0
                    },
                    "missing_lines": [
                        539,
                        540,
                        541,
                        542,
                        543,
                        544,
                        546,
                        547,
                        548,
                        551,
                        552,
                        554,
                        557,
                        558,
                        559,
                        560,
                        561,
                        563,
                        564,
                        567,
                        570,
                        571,
                        576,
                        579,
                        582,
                        585,
                        586,
                        587,
                        589,
                        593,
                        594,
                        600,
                        601,
                        606,
                        608,
                        609,
                        610,
                        611,
                        612,
                        613,
                        614
                    ],
                    "excluded_lines": []
                },
                "main": {
                    "executed_lines": [],
                    "summary": {
                        "covered_lines": 0,
                        "num_statements": 28,
                        "percent_covered": 0.0,
                        "percent_covered_display": "0.00",
                        "missing_lines": 28,
                        "excluded_lines": 0
                    },
                    "missing_lines": [
                        620,
                        623,
                        624,
                        626,
                        627,
                        628,
                        629,
                        630,
                        631,
                        632,
                        633,
                        634,
                        635,
                        636,
                        637,
                        638,
                        639,
                        640,
                        641,
                        642,
                        643,
                        646,
                        647,
                        648,
                        649,
                        650,
                        653,
                        654
                    ],
                    "excluded_lines": []
                },
                "": {
                    "executed_lines": [],
                    "summary": {
                        "covered_lines": 0,
                        "num_statements": 30,
                        "percent_covered": 0.0,
                        "percent_covered_display": "0.00",
                        "missing_lines": 30,
                        "excluded_lines": 2
                    },
                    "missing_lines": [
                        8,
                        9,
                        10,
                        11,
                        12,
                        13,
                        14,
                        15,
                        18,
                        23,
                        26,
                        29,
                        50,
                        80,
                        97,
                        133,
                        176,
                        219,
                        265,
                        277,
                        336,
                        362,
                        365,
                        383,
                        408,
                        485,
                        500,
                        511,
                        537,
                        617
                    ],
                    "excluded_lines": [
                        657,
                        658
                    ]
                }
            },
            "classes": {
                "ProjectWatcher": {
                    "executed_lines": [],
                    "summary": {
                        "covered_lines": 0,
                        "num_statements": 141,
                        "percent_covered": 0.0,
                        "percent_covered_display": "0.00",
                        "missing_lines": 141,
                        "excluded_lines": 0
                    },
                    "missing_lines": [
                        31,
                        32,
                        35,
                        36,
                        37,
                        38,
                        41,
                        42,
                        45,
                        47,
                        48,
                        52,
                        55,
                        56,
                        58,
                        59,
                        61,
                        63,
                        64,
                        65,
                        68,
                        69,
                        71,
                        72,
                        73,
                        74,
                        75,
                        76,
                        77,
                        78,
                        82,
                        83,
                        84,
                        85,
                        86,
                        88,
                        89,
                        90,
                        91,
                        92,
                        93,
                        94,
                        95,
                        100,
                        101,
                        102,
                        104,
                        105,
                        109,
                        111,
                        112,
                        114,
                        115,
                        117,
                        118,
                        120,
                        131,
                        136,
                        138,
                        140,
                        141,
                        143,
                        144,
                        146,
                        147,
                        148,
                        149,
                        150,
                        151,
                        152,
                        154,
                        155,
                        156,
                        158,
                        159,
                        161,
                        162,
                        163,
                        174,
                        178,
                        181,
                        182,
                        183,
                        184,
                        185,
                        188,
                        191,
                        194,
                        197,
                        221,
                        222,
                        223,
                        225,
                        227,
                        229,
                        230,
                        233,
                        234,
                        235,
                        237,
                        238,
                        257,
                        260,
                        261,
                        263,
                        267,
                        268,
                        269,
                        270,
                        271,
                        272,
                        273,
                        279,
                        281,
                        282,
                        283,
                        284,
                        286,
                        288,
                        303,
                        304,
                        309,
                        324,
                        325,
                        329,
                        331,
                        332,
                        333,
                        334,
                        338,
                        339,
                        340,
                        343,
                        345,
                        348,
                        349,
                        352,
                        353,
                        354,
                        356,
                        357
                    ],
                    "excluded_lines": []
                },
                "IssueWatcher": {
                    "executed_lines": [],
                    "summary": {
                        "covered_lines": 0,
                        "num_statements": 134,
                        "percent_covered": 0.0,
                        "percent_covered_display": "0.00",
                        "missing_lines": 134,
                        "excluded_lines": 0
                    },
                    "missing_lines": [
                        367,
                        368,
                        371,
                        374,
                        377,
                        379,
                        380,
                        381,
                        385,
                        386,
                        387,
                        389,
                        391,
                        393,
                        394,
                        395,
                        397,
                        398,
                        399,
                        400,
                        402,
                        404,
                        405,
                        406,
                        410,
                        413,
                        414,
                        415,
                        417,
                        419,
                        420,
                        421,
                        424,
                        433,
                        434,
[...]
                        57,
                        58,
                        59,
                        61,
                        62,
                        63,
                        64,
                        67,
                        69,
                        77,
                        78,
                        79,
                        86,
                        87,
                        88,
                        106,
                        107,
                        108,
                        109,
                        110,
                        111,
                        112,
                        124,
                        125,
                        126,
                        127,
                        128,
                        129,
                        130,
                        142,
                        143,
                        144,
                        145,
                        146,
                        147,
                        148,
                        158,
                        159,
                        161,
                        162,
                        163,
                        165,
                        174,
                        175,
                        176,
                        177,
                        180,
                        181,
                        182,
                        184,
                        191,
                        192,
                        193,
                        194,
                        206,
                        207,
                        208,
                        209,
                        210,
                        211,
                        212,
                        213,
                        226,
                        227,
                        230,
                        231,
                        232,
                        234,
                        235,
                        238,
                        239,
                        241,
                        242,
                        243,
                        244,
                        245,
                        258,
                        259,
                        262,
                        263,
                        264,
                        266,
                        267,
                        270,
                        271,
                        273,
                        274,
                        275,
                        276,
                        277,
                        289,
                        290,
                        292,
                        293,
                        294,
                        297,
                        300,
                        303,
                        306,
                        307,
                        309,
                        310,
                        311,
                        312,
                        313,
                        325,
                        326,
                        327,
                        328,
                        329,
                        330,
                        331,
                        343,
                        344,
                        345,
                        346,
                        347,
                        348,
                        349
                    ],
                    "excluded_lines": []
                },
                "": {
                    "executed_lines": [],
                    "summary": {
                        "covered_lines": 0,
                        "num_statements": 21,
                        "percent_covered": 0.0,
                        "percent_covered_display": "0.00",
                        "missing_lines": 21,
                        "excluded_lines": 0
                    },
                    "missing_lines": [
                        5,
                        6,
                        7,
                        8,
                        9,
                        10,
                        12,
                        15,
                        18,
                        36,
                        96,
                        114,
                        132,
                        150,
                        167,
                        196,
                        215,
                        247,
                        279,
                        315,
                        333
                    ],
                    "excluded_lines": []
                }
            }
        },
        "web/backend/services/websocket_manager.py": {
            "executed_lines": [],
            "summary": {
                "covered_lines": 0,
                "num_statements": 81,
                "percent_covered": 0.0,
                "percent_covered_display": "0.00",
                "missing_lines": 81,
                "excluded_lines": 0
            },
            "missing_lines": [
                5,
                6,
                7,
                8,
                10,
                13,
                16,
                23,
                24,
                25,
                31,
                33,
                41,
                46,
                48,
                55,
                57,
                58,
                61,
                62,
                63,
                64,
                65,
                67,
                68,
                70,
                78,
                79,
                80,
                82,
                83,
                84,
                85,
                86,
                87,
                89,
                97,
                98,
                100,
                101,
                102,
                103,
                104,
                105,
                107,
                115,
                116,
                118,
                119,
                121,
                122,
                123,
                124,
                126,
                134,
                135,
                136,
                137,
                139,
                140,
                141,
                143,
                152,
                153,
                154,
                156,
                157,
                158,
                159,
                161,
                169,
                170,
                172,
                173,
                174,
                176,
                178,
                180,
                182,
                184,
                186
            ],
            "excluded_lines": [],
            "functions": {
                "WebSocketManager.__init__": {
                    "executed_lines": [],
                    "summary": {
                        "covered_lines": 0,
                        "num_statements": 4,
                        "percent_covered": 0.0,
                        "percent_covered_display": "0.00",
                        "missing_lines": 4,
                        "excluded_lines": 0
                    },
                    "missing_lines": [
                        23,
                        24,
                        25,
                        31
                    ],
                    "excluded_lines": []
                },
                "WebSocketManager.register_connection": {
                    "executed_lines": [],
                    "summary": {
                        "covered_lines": 0,
                        "num_statements": 2,
                        "percent_covered": 0.0,
                        "percent_covered_display": "0.00",
                        "missing_lines": 2,
                        "excluded_lines": 0
                    },
                    "missing_lines": [
                        41,
                        46
                    ],
                    "excluded_lines": []
                },
                "WebSocketManager.unregister_connection": {
                    "executed_lines": [],
                    "summary": {
                        "covered_lines": 0,
                        "num_statements": 10,
                        "percent_covered": 0.0,
                        "percent_covered_display": "0.00",
                        "missing_lines": 10,
                        "excluded_lines": 0
                    },
                    "missing_lines": [
                        55,
                        57,
                        58,
                        61,
                        62,
                        63,
                        64,
                        65,
                        67,
                        68
                    ],
                    "excluded_lines": []
                },
                "WebSocketManager.subscribe": {
                    "executed_lines": [],
                    "summary": {
                        "covered_lines": 0,
                        "num_statements": 9,
                        "percent_covered": 0.0,
                        "percent_covered_display": "0.00",
                        "missing_lines": 9,
                        "excluded_lines": 0
                    },
                    "missing_lines": [
                        78,
                        79,
                        80,
                        82,
                        83,
                        84,
                        85,
                        86,
                        87
                    ],
                    "excluded_lines": []
                },
                "WebSocketManager.unsubscribe": {
                    "executed_lines": [],
                    "summary": {
                        "covered_lines": 0,
                        "num_statements": 8,
                        "percent_covered": 0.0,
                        "percent_covered_display": "0.00",
                        "missing_lines": 8,
                        "excluded_lines": 0
                    },
                    "missing_lines": [
                        97,
                        98,
                        100,
                        101,
                        102,
                        103,
                        104,
                        105
                    ],
                    "excluded_lines": []
                },
                "WebSocketManager.subscribe_issue_logs": {
                    "executed_lines": [],
                    "summary": {
                        "covered_lines": 0,
                        "num_statements": 8,
                        "percent_covered": 0.0,
                        "percent_covered_display": "0.00",
                        "missing_lines": 8,
                        "excluded_lines": 0
                    },
                    "missing_lines": [
                        115,
                        116,
                        118,
                        119,
                        121,
                        122,
                        123,
                        124
                    ],
                    "excluded_lines": []
                },
                "WebSocketManager.unsubscribe_issue_logs": {
                    "executed_lines": [],
                    "summary": {
                        "covered_lines": 0,
                        "num_statements": 7,
                        "percent_covered": 0.0,
                        "percent_covered_display": "0.00",
                        "missing_lines": 7,
                        "excluded_lines": 0
                    },
                    "missing_lines": [
                        134,
                        135,
                        136,
                        137,
                        139,
                        140,
                        141
                    ],
                    "excluded_lines": []
                },
                "WebSocketManager.broadcast": {
                    "executed_lines": [],
                    "summary": {
                        "covered_lines": 0,
                        "num_statements": 7,
                        "percent_covered": 0.0,
                        "percent_covered_display": "0.00",
                        "missing_lines": 7,
                        "excluded_lines": 0
                    },
                    "missing_lines": [
                        152,
                        153,
                        154,
                        156,
                        157,
                        158,
                        159
                    ],
                    "excluded_lines": []
                },
                "WebSocketManager.broadcast_issue_log": {
                    "executed_lines": [],
                    "summary": {
                        "covered_lines": 0,
                        "num_statements": 5,
                        "percent_covered": 0.0,
                        "percent_covered_display": "0.00",
                        "missing_lines": 5,
                        "excluded_lines": 0
                    },
                    "missing_lines": [
                        169,
                        170,
                        172,
                        173,
                        174
                    ],
                    "excluded_lines": []
                },
                "WebSocketManager.get_connection_count": {
                    "executed_lines": [],
                    "summary": {
                        "covered_lines": 0,
                        "num_statements": 1,
                        "percent_covered": 0.0,
                        "percent_covered_display": "0.00",
                        "missing_lines": 1,
                        "excluded_lines": 0
                    },
                    "missing_lines": [
                        178
                    ],
                    "excluded_lines": []
                },
                "WebSocketManager.get_channel_subscribers": {
                    "executed_lines": [],
                    "summary": {
                        "covered_lines": 0,
                        "num_statements": 1,
                        "percent_covered": 0.0,
                        "percent_covered_display": "0.00",
                        "missing_lines": 1,
                        "excluded_lines": 0
                    },
                    "missing_lines": [
                        182
                    ],
                    "excluded_lines": []
                },
                "WebSocketManager.get_stats": {
                    "executed_lines": [],
                    "summary": {
                        "covered_lines": 0,
                        "num_statements": 1,
                        "percent_covered": 0.0,
                        "percent_covered_display": "0.00",
                        "missing_lines": 1,
                        "excluded_lines": 0
                    },
                    "missing_lines": [
                        186
                    ],
                    "excluded_lines": []
                },
                "": {
                    "executed_lines": [],
                    "summary": {
                        "covered_lines": 0,
                        "num_statements": 18,
                        "percent_covered": 0.0,
                        "percent_covered_display": "0.00",
                        "missing_lines": 18,
                        "excluded_lines": 0
                    },
                    "missing_lines": [
                        5,
                        6,
                        7,
                        8,
                        10,
                        13,
                        16,
                        33,
                        48,
                        70,
                        89,
                        107,
                        126,
                        143,
                        161,
                        176,
                        180,
                        184
                    ],
                    "excluded_lines": []
                }
            },
            "classes": {
                "WebSocketManager": {
                    "executed_lines": [],
                    "summary": {
                        "covered_lines": 0,
                        "num_statements": 63,
                        "percent_covered": 0.0,
                        "percent_covered_display": "0.00",
                        "missing_lines": 63,
                        "excluded_lines": 0
                    },
                    "missing_lines": [
                        23,
                        24,
                        25,
                        31,
                        41,
                        46,
                        55,
                        57,
                        58,
                        61,
                        62,
                        63,
                        64,
                        65,
                        67,
                        68,
                        78,
                        79,
                        80,
                        82,
                        83,
                        84,
                        85,
                        86,
                        87,
                        97,
                        98,
                        100,
                        101,
                        102,
                        103,
                        104,
                        105,
                        115,
                        116,
                        118,
                        119,
                        121,
                        122,
                        123,
                        124,
                        134,
                        135,
                        136,
                        137,
                        139,
                        140,
                        141,
                        152,
                        153,
                        154,
                        156,
                        157,
                        158,
                        159,
                        169,
                        170,
                        172,
                        173,
                        174,
                        178,
                        182,
                        186
                    ],
                    "excluded_lines": []
                },
                "": {
                    "executed_lines": [],
                    "summary": {
                        "covered_lines": 0,
                        "num_statements": 18,
                        "percent_covered": 0.0,
                        "percent_covered_display": "0.00",
                        "missing_lines": 18,
                        "excluded_lines": 0
                    },
                    "missing_lines": [
                        5,
                        6,
                        7,
                        8,
                        10,
                        13,
                        16,
                        33,
                        48,
                        70,
                        89,
                        107,
                        126,
                        143,
                        161,
                        176,
                        180,
                        184
                    ],
                    "excluded_lines": []
                }
            }
        }
    },
    "totals": {
        "covered_lines": 0,
        "num_statements": 3045,
        "percent_covered": 0.0,
        "percent_covered_display": "0.00",
        "missing_lines": 3045,
        "excluded_lines": 23
    }
}